#
# A fatal error has been detected by the Java Runtime Environment:
#
#  EXCEPTION_STACK_OVERFLOW (0xc00000fd) at pc=0x000000005971b947, pid=9980, tid=0x0000000000002334
#
# JRE version: OpenJDK Runtime Environment (8.0_112-b06) (build 1.8.0_112-release-b06)
# Java VM: OpenJDK 64-Bit Server VM (25.112-b06 mixed mode windows-amd64 compressed oops)
# Problematic frame:
# V  [jvm.dll+0x1eb947]
#
# Failed to write core dump. Minidumps are not enabled by default on client versions of Windows
#
# If you would like to submit a bug report, please visit:
#   http://bugreport.java.com/bugreport/crash.jsp
#

---------------  T H R E A D  ---------------

Current thread (0x000000001b2c4000):  JavaThread "Forward streams with process: command 'C:\Program Files\Android\Android Studio\jre\bin\java.exe' Thread 3" [_thread_in_vm, id=9012, stack(0x00000000230e0000,0x00000000231e0000)]

siginfo: ExceptionCode=0xc00000fd, ExceptionInformation=0x0000000000000001 0x00000000231dd340 

Registers:
RAX=0x00000000231dd340, RBX=0x0000000000000003, RCX=0x0000000000002000, RDX=0x0000000000000006
RSP=0x00000000231df340, RBP=0x0000000000000000, RSI=0x00000000231df340, RDI=0x0000000000000003
R8 =0x0000000000000006, R9 =0x000000001fe074e0, R10=0x000000001483d8f0, R11=0x00000000230ea148
R12=0x000000001fe074e0, R13=0x000000001b2c4000, R14=0x00000000231df408, R15=0x000000001483d8f0
RIP=0x000000005971b947, EFLAGS=0x0000000000010202

Top of Stack: (sp=0x00000000231df340)
0x00000000231df340:   0000000018adb510 00000000594a4e7e
0x00000000231df350:   000000001b2c4000 000000001fe074e0
0x00000000231df360:   00000000ffffffff 000000005971c877
0x00000000231df370:   00000000231df470 000000001483d8f0
0x00000000231df380:   000000001b2c4000 00000000595cae33
0x00000000231df390:   00000000231df3d0 000000001b2c4000
0x00000000231df3a0:   00000000231df460 000000001b2c4000
0x00000000231df3b0:   000000001483d8f0 000000001b2c4000
0x00000000231df3c0:   0000000002af2f40 000000001b2c4000
0x00000000231df3d0:   000000001483d8f0 000000001b2c4000
0x00000000231df3e0:   000000001483d8f0 000000001b2c4000
0x00000000231df3f0:   0000000000000001 000000001483d8f0
0x00000000231df400:   000000001b2c4000 0000000017587ea0
0x00000000231df410:   000000001b2c4000 00000000595cc31d
0x00000000231df420:   00000000231df728 00000001000066b0
0x00000000231df430:   00000001000066b0 0000000000000000 

Instructions: (pc=0x000000005971b947)
0x000000005971b927:   48 89 6c 24 30 33 ed 66 90 e8 cb b8 07 00 ff c3
0x000000005971b937:   48 63 c8 48 8b c6 48 0f af cf 48 ff c7 48 2b c1
0x000000005971b947:   89 28 48 63 c3 48 3b 05 45 2c 57 00 7e db 48 8b
0x000000005971b957:   6c 24 30 48 8b 5c 24 38 48 8b 74 24 40 48 83 c4 


Register to memory mapping:

RAX=0x00000000231dd340 is pointing into the stack for thread: 0x000000001b2c4000
RBX=0x0000000000000003 is an unknown value
RCX=0x0000000000002000 is an unknown value
RDX=0x0000000000000006 is an unknown value
RSP=0x00000000231df340 is pointing into the stack for thread: 0x000000001b2c4000
RBP=0x0000000000000000 is an unknown value
RSI=0x00000000231df340 is pointing into the stack for thread: 0x000000001b2c4000
RDI=0x0000000000000003 is an unknown value
R8 =0x0000000000000006 is an unknown value
R9 =0x000000001fe074e0 is an unknown value
R10={method} {0x000000001483d8f8} 'run' '()V' in 'java/lang/Thread'
R11=0x00000000230ea148 is pointing into the stack for thread: 0x000000001b2c4000
R12=0x000000001fe074e0 is an unknown value
R13=0x000000001b2c4000 is a thread
R14=0x00000000231df408 is pointing into the stack for thread: 0x000000001b2c4000
R15={method} {0x000000001483d8f8} 'run' '()V' in 'java/lang/Thread'


Stack: [0x00000000230e0000,0x00000000231e0000],  sp=0x00000000231df340,  free space=1020k
Native frames: (J=compiled Java code, j=interpreted, Vv=VM code, C=native code)


---------------  P R O C E S S  ---------------

Java Threads: ( => current thread )
=>0x000000001b2c4000 JavaThread "Forward streams with process: command 'C:\Program Files\Android\Android Studio\jre\bin\java.exe' Thread 3" [_thread_in_vm, id=9012, stack(0x00000000230e0000,0x00000000231e0000)]
  0x000000001b2c5800 JavaThread "Forward streams with process: command 'C:\Program Files\Android\Android Studio\jre\bin\java.exe' Thread 2" [_thread_blocked, id=788, stack(0x0000000022fe0000,0x00000000230e0000)]
  0x000000001b2c5000 JavaThread "Forward streams with process: command 'C:\Program Files\Android\Android Studio\jre\bin\java.exe'" [_thread_in_vm, id=10172, stack(0x00000000228e0000,0x00000000229e0000)]
  0x000000001b2b9800 JavaThread "DisconnectableInputStream source reader" daemon [_thread_blocked, id=10360, stack(0x00000000224e0000,0x00000000225e0000)]
  0x000000001b2bf000 JavaThread "Run command 'C:\Program Files\Android\Android Studio\jre\bin\java.exe'" [_thread_blocked, id=10044, stack(0x00000000222e0000,0x00000000223e0000)]
  0x000000001b2c3800 JavaThread "Forward streams with process: command 'C:\Program Files\Android\Android Studio\jre\bin\java.exe' Thread 3" [_thread_blocked, id=10140, stack(0x0000000022ee0000,0x0000000022fe0000)]
  0x000000001b2c2800 JavaThread "Forward streams with process: command 'C:\Program Files\Android\Android Studio\jre\bin\java.exe' Thread 2" [_thread_in_native, id=10956, stack(0x0000000022de0000,0x0000000022ee0000)]
  0x000000001b2bb000 JavaThread "Forward streams with process: command 'C:\Program Files\Android\Android Studio\jre\bin\java.exe'" [_thread_blocked, id=10576, stack(0x0000000022ce0000,0x0000000022de0000)]
  0x000000001b2c2000 JavaThread "Forward streams with process: command 'C:\Program Files\Android\Android Studio\jre\bin\java.exe' Thread 3" [_thread_blocked, id=7172, stack(0x0000000022be0000,0x0000000022ce0000)]
  0x000000001b2bf800 JavaThread "Forward streams with process: command 'C:\Program Files\Android\Android Studio\jre\bin\java.exe' Thread 2" [_thread_blocked, id=9964, stack(0x0000000022ae0000,0x0000000022be0000)]
  0x000000001b2bc000 JavaThread "Forward streams with process: command 'C:\Program Files\Android\Android Studio\jre\bin\java.exe'" [_thread_blocked, id=5084, stack(0x00000000229e0000,0x0000000022ae0000)]
  0x000000001b2be000 JavaThread "Forward streams with process: command 'C:\Program Files\Android\Android Studio\jre\bin\java.exe' Thread 3" [_thread_in_native, id=10308, stack(0x00000000227e0000,0x00000000228e0000)]
  0x000000001b2bc800 JavaThread "Forward streams with process: command 'C:\Program Files\Android\Android Studio\jre\bin\java.exe' Thread 2" [_thread_in_native, id=9984, stack(0x00000000226e0000,0x00000000227e0000)]
  0x000000001b2c0800 JavaThread "Forward streams with process: command 'C:\Program Files\Android\Android Studio\jre\bin\java.exe'" [_thread_blocked, id=7448, stack(0x00000000225e0000,0x00000000226e0000)]
  0x000000001b2b8000 JavaThread "Run command 'C:\Program Files\Android\Android Studio\jre\bin\java.exe'" [_thread_blocked, id=4848, stack(0x00000000223e0000,0x00000000224e0000)]
  0x000000001b2ba800 JavaThread "Run command 'C:\Program Files\Android\Android Studio\jre\bin\java.exe'" [_thread_in_native, id=11048, stack(0x00000000221e0000,0x00000000222e0000)]
  0x000000001b2bd800 JavaThread "Run command 'C:\Program Files\Android\Android Studio\jre\bin\java.exe'" [_thread_in_native, id=5780, stack(0x00000000220e0000,0x00000000221e0000)]
  0x000000001b2b9000 JavaThread "pool-7-thread-4" [_thread_blocked, id=4628, stack(0x0000000021fe0000,0x00000000220e0000)]
  0x0000000019272800 JavaThread "pool-7-thread-3" [_thread_blocked, id=9748, stack(0x0000000021ee0000,0x0000000021fe0000)]
  0x0000000019272000 JavaThread "pool-7-thread-2" [_thread_blocked, id=7596, stack(0x0000000021b80000,0x0000000021c80000)]
  0x0000000019278000 JavaThread "pool-7-thread-1" [_thread_blocked, id=8816, stack(0x0000000021a80000,0x0000000021b80000)]
  0x0000000019274000 JavaThread "pool-3-thread-4" [_thread_blocked, id=10732, stack(0x0000000021980000,0x0000000021a80000)]
  0x0000000019275800 JavaThread "pool-3-thread-3" [_thread_blocked, id=9940, stack(0x000000001a6f0000,0x000000001a7f0000)]
  0x0000000019273800 JavaThread "pool-3-thread-2" [_thread_blocked, id=8644, stack(0x0000000000e20000,0x0000000000f20000)]
  0x0000000019277000 JavaThread "pool-3-thread-1" [_thread_blocked, id=2248, stack(0x0000000021180000,0x0000000021280000)]
  0x0000000019276800 JavaThread "Cache update executor" [_thread_blocked, id=7236, stack(0x000000001f9f0000,0x000000001faf0000)]
  0x0000000019271000 JavaThread "File lock request listener" [_thread_in_native, id=9588, stack(0x000000001aef0000,0x000000001aff0000)]
  0x0000000017ff9800 JavaThread "pool-1-thread-1" [_thread_blocked, id=9892, stack(0x000000001a7f0000,0x000000001a8f0000)]
  0x0000000016b40000 JavaThread "Asynchronous log dispatcher for DefaultDaemonConnection: socket connection from /127.0.0.1:61317 to /127.0.0.1:61318" [_thread_blocked, id=11236, stack(0x000000001a5f0000,0x000000001a6f0000)]
  0x0000000016b32800 JavaThread "Daemon worker" [_thread_blocked, id=8836, stack(0x000000001a4f0000,0x000000001a5f0000)]
  0x0000000016e99000 JavaThread "Cancel handler" [_thread_blocked, id=4764, stack(0x000000001a3f0000,0x000000001a4f0000)]
  0x0000000017d6c000 JavaThread "Handler for socket connection from /127.0.0.1:61317 to /127.0.0.1:61318" [_thread_in_native, id=11008, stack(0x000000001a2f0000,0x000000001a3f0000)]
  0x0000000018529800 JavaThread "Daemon" [_thread_blocked, id=6648, stack(0x000000001a1f0000,0x000000001a2f0000)]
  0x0000000018491000 JavaThread "Incoming local TCP Connector on port 61317" [_thread_in_native, id=6304, stack(0x00000000188d0000,0x00000000189d0000)]
  0x0000000016b28800 JavaThread "Service Thread" daemon [_thread_blocked, id=8352, stack(0x0000000016f00000,0x0000000017000000)]
  0x00000000151b3800 JavaThread "C1 CompilerThread2" daemon [_thread_blocked, id=3196, stack(0x0000000016a00000,0x0000000016b00000)]
  0x00000000151b0000 JavaThread "C2 CompilerThread1" daemon [_thread_blocked, id=5852, stack(0x0000000016900000,0x0000000016a00000)]
  0x00000000151ab000 JavaThread "C2 CompilerThread0" daemon [_thread_blocked, id=3612, stack(0x0000000016800000,0x0000000016900000)]
  0x00000000151a9800 JavaThread "Attach Listener" daemon [_thread_blocked, id=9284, stack(0x0000000016700000,0x0000000016800000)]
  0x00000000151a8000 JavaThread "Signal Dispatcher" daemon [_thread_blocked, id=3608, stack(0x0000000016600000,0x0000000016700000)]
  0x0000000002adb800 JavaThread "Finalizer" daemon [_thread_blocked, id=2880, stack(0x0000000016420000,0x0000000016520000)]
  0x0000000015177000 JavaThread "Reference Handler" daemon [_thread_blocked, id=4416, stack(0x0000000016320000,0x0000000016420000)]
  0x000000000298d800 JavaThread "main" [_thread_blocked, id=4804, stack(0x00000000027f0000,0x00000000028f0000)]

Other Threads:
  0x0000000015174800 VMThread [stack: 0x0000000016220000,0x0000000016320000] [id=11248]
  0x00000000151c7000 WatcherThread [stack: 0x0000000017000000,0x0000000017100000] [id=10596]

VM state:synchronizing (normal execution)

VM Mutex/Monitor currently owned by a thread:  ([mutex/lock_event])
[0x000000000298c990] Threads_lock - owner thread: 0x0000000015174800

Heap:
 PSYoungGen      total 233984K, used 48182K [0x00000000eab00000, 0x00000000fed80000, 0x0000000100000000)
  eden space 207360K, 21% used [0x00000000eab00000,0x00000000ed5b4ea8,0x00000000f7580000)
  from space 26624K, 16% used [0x00000000f7580000,0x00000000f79d8a68,0x00000000f8f80000)
  to   space 26624K, 0% used [0x00000000fd380000,0x00000000fd380000,0x00000000fed80000)
 ParOldGen       total 104448K, used 80717K [0x00000000c0000000, 0x00000000c6600000, 0x00000000eab00000)
  object space 104448K, 77% used [0x00000000c0000000,0x00000000c4ed3488,0x00000000c6600000)
 Metaspace       used 61983K, capacity 64062K, committed 64384K, reserved 1105920K
  class space    used 8029K, capacity 8507K, committed 8576K, reserved 1048576K

Card table byte_map: [0x0000000011ea0000,0x00000000120b0000] byte_map_base: 0x00000000118a0000

Marking Bits: (ParMarkBitMap*) 0x0000000059cf18f0
 Begin Bits: [0x0000000012610000, 0x0000000013610000)
 End Bits:   [0x0000000013610000, 0x0000000014610000)

Polling page: 0x0000000000fe0000

CodeCache: size=245760Kb used=36334Kb max_used=39104Kb free=209425Kb
 bounds [0x0000000002ae0000, 0x0000000005140000, 0x0000000011ae0000]
 total_blobs=10517 nmethods=9734 adapters=694
 compilation: enabled

Compilation events (10 events):
Event: 103.919 Thread 0x00000000151ab000 nmethod 12127 0x0000000004528790 code [0x0000000004528900, 0x0000000004529468]
Event: 103.920 Thread 0x00000000151b3800 nmethod 12138 0x00000000046a6dd0 code [0x00000000046a6f80, 0x00000000046a7908]
Event: 103.920 Thread 0x00000000151b3800 12139       3       java.io.ObjectOutputStream$BlockDataOutputStream::writeBytes (144 bytes)
Event: 103.921 Thread 0x00000000151b3800 nmethod 12139 0x00000000041ac310 code [0x00000000041ac4e0, 0x00000000041acc38]
Event: 103.921 Thread 0x00000000151b3800 12137       3       java.io.ObjectStreamClass::getVariantFor (51 bytes)
Event: 103.922 Thread 0x00000000151b3800 nmethod 12137 0x0000000003e8cf50 code [0x0000000003e8d0e0, 0x0000000003e8d4b8]
Event: 103.922 Thread 0x00000000151b3800 12140 %     3       java.io.ObjectOutputStream$BlockDataOutputStream::writeBytes @ 95 (144 bytes)
Event: 103.923 Thread 0x00000000151b3800 nmethod 12140% 0x0000000004228a10 code [0x0000000004228be0, 0x0000000004229438]
Event: 103.923 Thread 0x00000000151b0000 12141 %     4       java.io.ObjectOutputStream$BlockDataOutputStream::writeBytes @ 95 (144 bytes)
Event: 103.937 Thread 0x00000000151b0000 nmethod 12141% 0x0000000002f1f3d0 code [0x0000000002f1f540, 0x0000000002f1fa68]

GC Heap History (10 events):
Event: 73.616 GC heap before
{Heap before GC invocations=22 (full 2):
 PSYoungGen      total 141824K, used 141792K [0x00000000eab00000, 0x00000000f6d80000, 0x0000000100000000)
  eden space 125440K, 100% used [0x00000000eab00000,0x00000000f2580000,0x00000000f2580000)
  from space 16384K, 99% used [0x00000000f2580000,0x00000000f3578260,0x00000000f3580000)
  to   space 19968K, 0% used [0x00000000f5a00000,0x00000000f5a00000,0x00000000f6d80000)
 ParOldGen       total 55296K, used 27985K [0x00000000c0000000, 0x00000000c3600000, 0x00000000eab00000)
  object space 55296K, 50% used [0x00000000c0000000,0x00000000c1b54520,0x00000000c3600000)
 Metaspace       used 57115K, capacity 58766K, committed 59008K, reserved 1099776K
  class space    used 7603K, capacity 7984K, committed 8064K, reserved 1048576K
Event: 73.652 GC heap after
Heap after GC invocations=22 (full 2):
 PSYoungGen      total 176128K, used 17316K [0x00000000eab00000, 0x00000000f6e80000, 0x0000000100000000)
  eden space 156160K, 0% used [0x00000000eab00000,0x00000000eab00000,0x00000000f4380000)
  from space 19968K, 86% used [0x00000000f5a00000,0x00000000f6ae90d0,0x00000000f6d80000)
  to   space 22016K, 0% used [0x00000000f4380000,0x00000000f4380000,0x00000000f5900000)
 ParOldGen       total 55296K, used 33882K [0x00000000c0000000, 0x00000000c3600000, 0x00000000eab00000)
  object space 55296K, 61% used [0x00000000c0000000,0x00000000c2116ab0,0x00000000c3600000)
 Metaspace       used 57115K, capacity 58766K, committed 59008K, reserved 1099776K
  class space    used 7603K, capacity 7984K, committed 8064K, reserved 1048576K
}
Event: 74.291 GC heap before
{Heap before GC invocations=23 (full 2):
 PSYoungGen      total 176128K, used 51633K [0x00000000eab00000, 0x00000000f6e80000, 0x0000000100000000)
  eden space 156160K, 21% used [0x00000000eab00000,0x00000000ecc833a8,0x00000000f4380000)
  from space 19968K, 86% used [0x00000000f5a00000,0x00000000f6ae90d0,0x00000000f6d80000)
  to   space 22016K, 0% used [0x00000000f4380000,0x00000000f4380000,0x00000000f5900000)
 ParOldGen       total 55296K, used 33882K [0x00000000c0000000, 0x00000000c3600000, 0x00000000eab00000)
  object space 55296K, 61% used [0x00000000c0000000,0x00000000c2116ab0,0x00000000c3600000)
 Metaspace       used 57352K, capacity 59054K, committed 59160K, reserved 1099776K
  class space    used 7618K, capacity 8016K, committed 8064K, reserved 1048576K
Event: 74.552 GC heap after
Heap after GC invocations=23 (full 2):
 PSYoungGen      total 178176K, used 9340K [0x00000000eab00000, 0x00000000fa400000, 0x0000000100000000)
  eden space 156160K, 0% used [0x00000000eab00000,0x00000000eab00000,0x00000000f4380000)
  from space 22016K, 42% used [0x00000000f4380000,0x00000000f4c9f170,0x00000000f5900000)
  to   space 20992K, 0% used [0x00000000f8f80000,0x00000000f8f80000,0x00000000fa400000)
 ParOldGen       total 55296K, used 49491K [0x00000000c0000000, 0x00000000c3600000, 0x00000000eab00000)
  object space 55296K, 89% used [0x00000000c0000000,0x00000000c3054de0,0x00000000c3600000)
 Metaspace       used 57352K, capacity 59054K, committed 59160K, reserved 1099776K
  class space    used 7618K, capacity 8016K, committed 8064K, reserved 1048576K
}
Event: 74.552 GC heap before
{Heap before GC invocations=24 (full 3):
 PSYoungGen      total 178176K, used 9340K [0x00000000eab00000, 0x00000000fa400000, 0x0000000100000000)
  eden space 156160K, 0% used [0x00000000eab00000,0x00000000eab00000,0x00000000f4380000)
  from space 22016K, 42% used [0x00000000f4380000,0x00000000f4c9f170,0x00000000f5900000)
  to   space 20992K, 0% used [0x00000000f8f80000,0x00000000f8f80000,0x00000000fa400000)
 ParOldGen       total 55296K, used 49491K [0x00000000c0000000, 0x00000000c3600000, 0x00000000eab00000)
  object space 55296K, 89% used [0x00000000c0000000,0x00000000c3054de0,0x00000000c3600000)
 Metaspace       used 57352K, capacity 59054K, committed 59160K, reserved 1099776K
  class space    used 7618K, capacity 8016K, committed 8064K, reserved 1048576K
Event: 75.084 GC heap after
Heap after GC invocations=24 (full 3):
 PSYoungGen      total 178176K, used 0K [0x00000000eab00000, 0x00000000fa400000, 0x0000000100000000)
  eden space 156160K, 0% used [0x00000000eab00000,0x00000000eab00000,0x00000000f4380000)
  from space 22016K, 0% used [0x00000000f4380000,0x00000000f4380000,0x00000000f5900000)
  to   space 20992K, 0% used [0x00000000f8f80000,0x00000000f8f80000,0x00000000fa400000)
 ParOldGen       total 104448K, used 52176K [0x00000000c0000000, 0x00000000c6600000, 0x00000000eab00000)
  object space 104448K, 49% used [0x00000000c0000000,0x00000000c32f4088,0x00000000c6600000)
 Metaspace       used 57351K, capacity 59048K, committed 59160K, reserved 1099776K
  class space    used 7617K, capacity 8015K, committed 8064K, reserved 1048576K
}
Event: 86.506 GC heap before
{Heap before GC invocations=25 (full 3):
 PSYoungGen      total 178176K, used 156160K [0x00000000eab00000, 0x00000000fa400000, 0x0000000100000000)
  eden space 156160K, 100% used [0x00000000eab00000,0x00000000f4380000,0x00000000f4380000)
  from space 22016K, 0% used [0x00000000f4380000,0x00000000f4380000,0x00000000f5900000)
  to   space 20992K, 0% used [0x00000000f8f80000,0x00000000f8f80000,0x00000000fa400000)
 ParOldGen       total 104448K, used 52176K [0x00000000c0000000, 0x00000000c6600000, 0x00000000eab00000)
  object space 104448K, 49% used [0x00000000c0000000,0x00000000c32f4088,0x00000000c6600000)
 Metaspace       used 59455K, capacity 61190K, committed 61440K, reserved 1101824K
  class space    used 7745K, capacity 8148K, committed 8192K, reserved 1048576K
Event: 86.546 GC heap after
Heap after GC invocations=25 (full 3):
 PSYoungGen      total 228352K, used 20976K [0x00000000eab00000, 0x00000000fad00000, 0x0000000100000000)
  eden space 207360K, 0% used [0x00000000eab00000,0x00000000eab00000,0x00000000f7580000)
  from space 20992K, 99% used [0x00000000f8f80000,0x00000000fa3fc278,0x00000000fa400000)
  to   space 26624K, 0% used [0x00000000f7580000,0x00000000f7580000,0x00000000f8f80000)
 ParOldGen       total 104448K, used 59967K [0x00000000c0000000, 0x00000000c6600000, 0x00000000eab00000)
  object space 104448K, 57% used [0x00000000c0000000,0x00000000c3a8fc68,0x00000000c6600000)
 Metaspace       used 59455K, capacity 61190K, committed 61440K, reserved 1101824K
  class space    used 7745K, capacity 8148K, committed 8192K, reserved 1048576K
}
Event: 96.424 GC heap before
{Heap before GC invocations=26 (full 3):
 PSYoungGen      total 228352K, used 228336K [0x00000000eab00000, 0x00000000fad00000, 0x0000000100000000)
  eden space 207360K, 100% used [0x00000000eab00000,0x00000000f7580000,0x00000000f7580000)
  from space 20992K, 99% used [0x00000000f8f80000,0x00000000fa3fc278,0x00000000fa400000)
  to   space 26624K, 0% used [0x00000000f7580000,0x00000000f7580000,0x00000000f8f80000)
 ParOldGen       total 104448K, used 59967K [0x00000000c0000000, 0x00000000c6600000, 0x00000000eab00000)
  object space 104448K, 57% used [0x00000000c0000000,0x00000000c3a8fc68,0x00000000c6600000)
 Metaspace       used 61747K, capacity 63794K, committed 64128K, reserved 1105920K
  class space    used 8000K, capacity 8467K, committed 8576K, reserved 1048576K
Event: 96.468 GC heap after
Heap after GC invocations=26 (full 3):
 PSYoungGen      total 233984K, used 4450K [0x00000000eab00000, 0x00000000fed80000, 0x0000000100000000)
  eden space 207360K, 0% used [0x00000000eab00000,0x00000000eab00000,0x00000000f7580000)
  from space 26624K, 16% used [0x00000000f7580000,0x00000000f79d8a68,0x00000000f8f80000)
  to   space 26624K, 0% used [0x00000000fd380000,0x00000000fd380000,0x00000000fed80000)
 ParOldGen       total 104448K, used 80717K [0x00000000c0000000, 0x00000000c6600000, 0x00000000eab00000)
  object space 104448K, 77% used [0x00000000c0000000,0x00000000c4ed3488,0x00000000c6600000)
 Metaspace       used 61747K, capacity 63794K, committed 64128K, reserved 1105920K
  class space    used 8000K, capacity 8467K, committed 8576K, reserved 1048576K
}

Deoptimization events (10 events):
Event: 103.804 Thread 0x000000001b2b9000 Uncommon trap: reason=class_check action=maybe_recompile pc=0x0000000003c806b8 method=java.lang.ThreadLocal.setInitialValue()Ljava/lang/Object; @ 31
Event: 103.804 Thread 0x0000000019272800 Uncommon trap: reason=class_check action=maybe_recompile pc=0x0000000003c806b8 method=java.lang.ThreadLocal.setInitialValue()Ljava/lang/Object; @ 31
Event: 103.805 Thread 0x0000000019278000 Uncommon trap: reason=class_check action=maybe_recompile pc=0x0000000003c806b8 method=java.lang.ThreadLocal.setInitialValue()Ljava/lang/Object; @ 31
Event: 103.805 Thread 0x0000000019278000 Uncommon trap: reason=unstable_if action=reinterpret pc=0x000000000426f7dc method=java.util.concurrent.locks.AbstractQueuedSynchronizer.enq(Ljava/util/concurrent/locks/AbstractQueuedSynchronizer$Node;)Ljava/util/concurrent/locks/AbstractQueuedSynchronizer$2	≈x˘Y@
Event: 103.898 Thread 0x000000001b2b9000 Uncommon trap: reason=class_check action=maybe_recompile pc=0x0000000002bf9fc0 method=java.lang.Throwable.<init>(Ljava/lang/String;Ljava/lang/Throwable;)V @ 24
Event: 103.899 Thread 0x0000000016b32800 Uncommon trap: reason=class_check action=maybe_recompile pc=0x0000000002bf9fc0 method=java.lang.Throwable.<init>(Ljava/lang/String;Ljava/lang/Throwable;)V @ 24
Event: 103.919 Thread 0x0000000016b32800 Uncommon trap: reason=array_check action=maybe_recompile pc=0x00000000039a5f10 method=java.util.TimSort.binarySort([Ljava/lang/Object;IIILjava/util/Comparator;)V @ 193
Event: 103.920 Thread 0x0000000016b32800 Uncommon trap: reason=unstable_if action=reinterpret pc=0x0000000004117920 method=java.io.ObjectOutputStream$BlockDataOutputStream.writeBytes(Ljava/lang/String;)V @ 22
Event: 103.920 Thread 0x0000000016b32800 Uncommon trap: reason=unstable_if action=reinterpret pc=0x00000000040cc3ec method=java.io.ObjectOutputStream$BlockDataOutputStream.writeBytes(Ljava/lang/String;)V @ 22
Event: 103.926 Thread 0x0000000016b32800 Uncommon trap: reason=bimorphic action=maybe_recompile pc=0x0000000002dd91c0 method=com.sun.org.apache.xerces.internal.dom.CoreDocumentImpl.isKidOK(Lorg/w3c/dom/Node;Lorg/w3c/dom/Node;)Z @ 39

Internal exceptions (10 events):
Event: 45.328 Thread 0x0000000016b32800 Implicit null exception at 0x0000000004314643 to 0x00000000043147fd
Event: 45.331 Thread 0x0000000016b32800 Implicit null exception at 0x000000000338ed9e to 0x000000000338ef21
Event: 46.652 Thread 0x0000000016b32800 Exception <a 'java/lang/NoSuchMethodError': java.lang.Object.lambda$negate$1(Ljava/lang/Object;)Z> (0x00000000ee090528) thrown at [C:\src\android\AOSP-openjdk\external\jetbrains\jdk\hotspot\src\share\vm\interpreter\linkResolver.cpp, line 582]
Event: 75.166 Thread 0x0000000016b32800 Implicit null exception at 0x0000000004474132 to 0x0000000004474869
Event: 75.347 Thread 0x0000000016b32800 Implicit null exception at 0x00000000041df563 to 0x00000000041dfc31
Event: 89.058 Thread 0x0000000016b32800 Exception <a 'java/lang/NoSuchMethodError': java.lang.Object.lambda$asRunnable$0(Lcom/android/apkzlib/utils/IOExceptionRunnable;)V> (0x00000000ebf023a0) thrown at [C:\src\android\AOSP-openjdk\external\jetbrains\jdk\hotspot\src\share\vm\interpreter\linkResoûZµåêåV@
Event: 90.196 Thread 0x0000000019276800 Exception <a 'java/lang/NoSuchMethodError': <clinit>> (0x00000000eaf31be8) thrown at [C:\src\android\AOSP-openjdk\external\jetbrains\jdk\hotspot\src\share\vm\prims\jni.cpp, line 1613]
Event: 103.899 Thread 0x0000000016b32800 Exception <a 'java/lang/reflect/InvocationTargetException'> (0x00000000ebba4ef8) thrown at [C:\src\android\AOSP-openjdk\external\jetbrains\jdk\hotspot\src\share\vm\runtime\reflection.cpp, line 1092]
Event: 103.909 Thread 0x0000000016b32800 Exception <a 'java/lang/NoSuchMethodError': <clinit>> (0x00000000ed0b61c0) thrown at [C:\src\android\AOSP-openjdk\external\jetbrains\jdk\hotspot\src\share\vm\prims\jni.cpp, line 1613]
Event: 103.919 Thread 0x0000000016b32800 Exception <a 'java/lang/NoSuchMethodError': <clinit>> (0x00000000ed0cddf0) thrown at [C:\src\android\AOSP-openjdk\external\jetbrains\jdk\hotspot\src\share\vm\prims\jni.cpp, line 1613]

Events (10 events):
Event: 103.935 Thread 0x000000001b2c4000 Thread added: 0x000000001b2c4000
Event: 103.935 loading class com/android/ide/common/xml/XmlAttributeSortOrder$1
Event: 103.935 loading class com/android/ide/common/xml/XmlAttributeSortOrder$1 done
Event: 103.935 loading class com/android/ide/common/xml/XmlAttributeSortOrder$2
Event: 103.935 loading class com/android/ide/common/xml/XmlAttributeSortOrder$2 done
Event: 103.936 loading class com/android/ide/common/xml/XmlFormatStyle
Event: 103.936 loading class com/android/ide/common/xml/XmlFormatStyle done
Event: 103.937 loading class com/android/ide/common/xml/XmlAttributeSortOrder$3
Event: 103.937 loading class com/android/ide/common/xml/XmlAttributeSortOrder$3 done
Event: 103.938 Executing VM operation: RevokeBias


Dynamic libraries:
0x00007ff7e7380000 - 0x00007ff7e73b1000 	C:\Program Files\Android\Android Studio\jre\bin\java.exe
0x00007ffeca8f0000 - 0x00007ffecaab2000 	C:\WINDOWS\SYSTEM32\ntdll.dll
0x00007ffeca540000 - 0x00007ffeca5ed000 	C:\WINDOWS\system32\KERNEL32.DLL
0x00007ffec7b00000 - 0x00007ffec7cdd000 	C:\WINDOWS\system32\KERNELBASE.dll
0x00007ffeca840000 - 0x00007ffeca8e6000 	C:\WINDOWS\system32\ADVAPI32.dll
0x00007ffeca7a0000 - 0x00007ffeca83d000 	C:\WINDOWS\system32\msvcrt.dll
0x00007ffec9640000 - 0x00007ffec969b000 	C:\WINDOWS\system32\sechost.dll
0x00007ffec96c0000 - 0x00007ffec97e6000 	C:\WINDOWS\system32\RPCRT4.dll
0x00007ffeca240000 - 0x00007ffeca38e000 	C:\WINDOWS\system32\USER32.dll
0x00007ffec9f40000 - 0x00007ffeca0c5000 	C:\WINDOWS\system32\GDI32.dll
0x00007ffebeac0000 - 0x00007ffebed34000 	C:\WINDOWS\WinSxS\amd64_microsoft.windows.common-controls_6595b64144ccf1df_6.0.10240.16384_none_f41f7b285750ef43\COMCTL32.dll
0x00007ffec9a30000 - 0x00007ffec9a66000 	C:\WINDOWS\system32\IMM32.DLL
0x00007ffeca0d0000 - 0x00007ffeca22c000 	C:\WINDOWS\system32\MSCTF.dll
0x0000000059450000 - 0x0000000059522000 	C:\Program Files\Android\Android Studio\jre\jre\bin\msvcr100.dll
0x0000000059530000 - 0x0000000059d6c000 	C:\Program Files\Android\Android Studio\jre\jre\bin\server\jvm.dll
0x00007ffeca6b0000 - 0x00007ffeca6b8000 	C:\WINDOWS\system32\PSAPI.DLL
0x00007ffebf6f0000 - 0x00007ffebf713000 	C:\WINDOWS\SYSTEM32\WINMM.dll
0x00007ffebb6a0000 - 0x00007ffebb6a9000 	C:\WINDOWS\SYSTEM32\WSOCK32.dll
0x00007ffebcf30000 - 0x00007ffebcf3a000 	C:\WINDOWS\SYSTEM32\VERSION.dll
0x00007ffec9a70000 - 0x00007ffec9ad9000 	C:\WINDOWS\system32\WS2_32.dll
0x00007ffeca230000 - 0x00007ffeca238000 	C:\WINDOWS\system32\NSI.dll
0x00007ffebf6c0000 - 0x00007ffebf6ec000 	C:\WINDOWS\SYSTEM32\WINMMBASE.dll
0x00007ffec79f0000 - 0x00007ffec7a34000 	C:\WINDOWS\system32\cfgmgr32.dll
0x00007ffec5bd0000 - 0x00007ffec5bf7000 	C:\WINDOWS\SYSTEM32\DEVOBJ.dll
0x00007ffeab0b0000 - 0x00007ffeab0bf000 	C:\Program Files\Android\Android Studio\jre\jre\bin\verify.dll
0x00007ffeab080000 - 0x00007ffeab0a9000 	C:\Program Files\Android\Android Studio\jre\jre\bin\java.dll
0x00007ffeab060000 - 0x00007ffeab076000 	C:\Program Files\Android\Android Studio\jre\jre\bin\zip.dll
0x00007ffec8110000 - 0x00007ffec9635000 	C:\WINDOWS\system32\SHELL32.dll
0x00007ffec73c0000 - 0x00007ffec79e8000 	C:\WINDOWS\system32\windows.storage.dll
0x00007ffec9cc0000 - 0x00007ffec9f3c000 	C:\WINDOWS\system32\combase.dll
0x00007ffec9970000 - 0x00007ffec99c1000 	C:\WINDOWS\system32\shlwapi.dll
0x00007ffec7370000 - 0x00007ffec737f000 	C:\WINDOWS\system32\kernel.appcore.dll
0x00007ffec7a40000 - 0x00007ffec7af3000 	C:\WINDOWS\system32\shcore.dll
0x00007ffec7320000 - 0x00007ffec736a000 	C:\WINDOWS\system32\powrprof.dll
0x00007ffec7380000 - 0x00007ffec7393000 	C:\WINDOWS\system32\profapi.dll
0x00007ffeab040000 - 0x00007ffeab05a000 	C:\Program Files\Android\Android Studio\jre\jre\bin\net.dll
0x00007ffec6b30000 - 0x00007ffec6b8d000 	C:\WINDOWS\system32\mswsock.dll
0x00007ffeab020000 - 0x00007ffeab031000 	C:\Program Files\Android\Android Studio\jre\jre\bin\nio.dll
0x00007ffec1bf0000 - 0x00007ffec1c0e000 	C:\Users\Akano\.gradle\native\23\windows-amd64\native-platform.dll
0x00007ffec6b90000 - 0x00007ffec6ba7000 	C:\WINDOWS\SYSTEM32\CRYPTSP.dll
0x00007ffec7250000 - 0x00007ffec7278000 	C:\WINDOWS\SYSTEM32\bcrypt.dll
0x00007ffec67e0000 - 0x00007ffec6813000 	C:\WINDOWS\system32\rsaenh.dll
0x00007ffec68d0000 - 0x00007ffec68ef000 	C:\WINDOWS\SYSTEM32\USERENV.dll
0x00007ffec70e0000 - 0x00007ffec714b000 	C:\WINDOWS\system32\bcryptprimitives.dll
0x00007ffec6ce0000 - 0x00007ffec6ceb000 	C:\WINDOWS\SYSTEM32\CRYPTBASE.dll
0x00007ffec1700000 - 0x00007ffec1738000 	C:\WINDOWS\SYSTEM32\IPHLPAPI.DLL
0x00007ffec45a0000 - 0x00007ffec45ab000 	C:\WINDOWS\SYSTEM32\WINNSI.DLL
0x00007ffec14e0000 - 0x00007ffec14f6000 	C:\WINDOWS\SYSTEM32\dhcpcsvc6.DLL
0x00007ffec1680000 - 0x00007ffec169a000 	C:\WINDOWS\SYSTEM32\dhcpcsvc.DLL
0x00007ffec0220000 - 0x00007ffec022d000 	C:\Program Files\Android\Android Studio\jre\jre\bin\management.dll
0x00007ffeba850000 - 0x00007ffeba9da000 	C:\WINDOWS\SYSTEM32\dbghelp.dll

VM Arguments:
jvm_args: -XX:MaxPermSize=256m -XX:+HeapDumpOnOutOfMemoryError -Xmx1024m -Dfile.encoding=windows-1252 -Duser.country=US -Duser.language=en -Duser.variant 
java_command: org.gradle.launcher.daemon.bootstrap.GradleDaemon 3.3
java_class_path (initial): C:\Users\Akano\.gradle\wrapper\dists\gradle-3.3-all\55gk2rcmfc6p2dg9u9ohc3hw9\gradle-3.3\lib\gradle-launcher-3.3.jar
Launcher Type: SUN_STANDARD

Environment Variables:
PATH=C:\ProgramData\Oracle\Java\javapath;C:\WINDOWS\system32;C:\WINDOWS;C:\WINDOWS\System32\Wbem;C:\WINDOWS\System32\WindowsPowerShell\v1.0\;C:\Program Files (x86)\Android\android-sdk\platform-tools\;C:\Program Files (x86)\Tesseract-OCR
USERNAME=Akano
OS=Windows_NT
PROCESSOR_IDENTIFIER=Intel64 Family 6 Model 58 Stepping 9, GenuineIntel



---------------  S Y S T E M  ---------------

OS: Windows 10.0 , 64 bit Build 10240 (10.0.10240.16384)

CPU:total 4 (2 cores per cpu, 2 threads per core) family 6 model 58 stepping 9, cmov, cx8, fxsr, mmx, sse, sse2, sse3, ssse3, sse4.1, sse4.2, popcnt, avx, clmul, erms, ht, tsc, tscinvbit, tscinv

Memory: 4k page, physical 8281448k(1172704k free), swap 11475064k(155564k free)

vm_info: OpenJDK 64-Bit Server VM (25.112-b06) for windows-amd64 JRE (1.8.0_112-release-b06), built on Dec  8 2016 00:54:26 by "builder" with MS VC++ 10.0 (VS2010)

time: Sun Apr 02 17:51:22 2017
elapsed time: 105 seconds (0d 0h 1m 45s)

