#
# There is insufficient memory for the Java Runtime Environment to continue.
# Native memory allocation (malloc) failed to allocate 32744 bytes for ChunkPool::allocate
# Possible reasons:
#   The system is out of physical RAM or swap space
#   In 32 bit mode, the process size limit was hit
# Possible solutions:
#   Reduce memory load on the system
#   Increase physical memory or swap space
#   Check if swap backing store is full
#   Use 64 bit Java on a 64 bit OS
#   Decrease Java heap size (-Xmx/-Xms)
#   Decrease number of Java threads
#   Decrease Java thread stack sizes (-Xss)
#   Set larger code cache with -XX:ReservedCodeCacheSize=
# This output file may be truncated or incomplete.
#
#  Out of Memory Error (allocation.cpp:273), pid=3512, tid=0x00000000000022f0
#
# JRE version: OpenJDK Runtime Environment (8.0_112-b06) (build 1.8.0_112-release-b06)
# Java VM: OpenJDK 64-Bit Server VM (25.112-b06 mixed mode windows-amd64 compressed oops)
# Failed to write core dump. Minidumps are not enabled by default on client versions of Windows
#

---------------  T H R E A D  ---------------

Current thread (0x0000000002e00800):  JavaThread "main" [_thread_in_vm, id=8944, stack(0x0000000002b90000,0x0000000002c90000)]

Stack: [0x0000000002b90000,0x0000000002c90000]
[error occurred during error reporting (printing stack bounds), id 0xc0000005]

Native frames: (J=compiled Java code, j=interpreted, Vv=VM code, C=native code)

Java frames: (J=compiled Java code, j=interpreted, Vv=VM code)
j  sun.misc.Unsafe.compareAndSwapLong(Ljava/lang/Object;JJJ)Z+0
j  java.util.concurrent.ConcurrentHashMap.addCount(JI)V+31
j  java.util.concurrent.ConcurrentHashMap.putVal(Ljava/lang/Object;Ljava/lang/Object;Z)Ljava/lang/Object;+357
j  java.util.concurrent.ConcurrentHashMap.putIfAbsent(Ljava/lang/Object;Ljava/lang/Object;)Ljava/lang/Object;+4
j  java.lang.ClassLoader.getClassLoadingLock(Ljava/lang/String;)Ljava/lang/Object;+23
j  java.lang.ClassLoader.loadClass(Ljava/lang/String;Z)Ljava/lang/Class;+2
j  sun.misc.Launcher$AppClassLoader.loadClass(Ljava/lang/String;Z)Ljava/lang/Class;+81
j  java.lang.ClassLoader.loadClass(Ljava/lang/String;)Ljava/lang/Class;+3
v  ~StubRoutines::call_stub
j  com.android.dx.command.dexer.Main.createDexFile()V+0
j  com.android.dx.command.dexer.Main.processAllFiles()Z+0
j  com.android.dx.command.dexer.Main.runMultiDex()I+66
j  com.android.dx.command.dexer.Main.run(Lcom/android/dx/command/dexer/Main$Arguments;)I+66
j  com.android.dx.command.dexer.Main.main([Ljava/lang/String;)V+14
j  com.android.dx.command.Main.main([Ljava/lang/String;)V+61
v  ~StubRoutines::call_stub

---------------  P R O C E S S  ---------------

Java Threads: ( => current thread )
  0x0000000016f02800 JavaThread "Service Thread" daemon [_thread_blocked, id=1608, stack(0x0000000017300000,0x0000000017400000)]
  0x0000000015627000 JavaThread "C1 CompilerThread2" daemon [_thread_blocked, id=7280, stack(0x0000000016e00000,0x0000000016f00000)]
  0x00000000155cd800 JavaThread "C2 CompilerThread1" daemon [_thread_blocked, id=8328, stack(0x0000000016d00000,0x0000000016e00000)]
  0x00000000155ca800 JavaThread "C2 CompilerThread0" daemon [_thread_blocked, id=7692, stack(0x0000000016c00000,0x0000000016d00000)]
  0x00000000155c9000 JavaThread "Attach Listener" daemon [_thread_blocked, id=5180, stack(0x0000000016b00000,0x0000000016c00000)]
  0x00000000155c7800 JavaThread "Signal Dispatcher" daemon [_thread_blocked, id=3936, stack(0x0000000016a00000,0x0000000016b00000)]
  0x0000000002efb000 JavaThread "Finalizer" daemon [_thread_blocked, id=3240, stack(0x0000000016820000,0x0000000016920000)]
  0x0000000002eef000 JavaThread "Reference Handler" daemon [_thread_blocked, id=7432, stack(0x0000000016720000,0x0000000016820000)]
=>0x0000000002e00800 JavaThread "main" [_thread_in_vm, id=8944, stack(0x0000000002b90000,0x0000000002c90000)]

Other Threads:
  0x0000000015593800 VMThread [stack: 0x0000000016620000,0x0000000016720000] [id=8468]
  0x0000000016f04800 WatcherThread [stack: 0x0000000017400000,0x0000000017500000] [id=7344]

VM state:not at safepoint (normal execution)

VM Mutex/Monitor currently owned by a thread: None

Heap:
 PSYoungGen      total 38400K, used 2003K [0x00000000eab00000, 0x00000000ed580000, 0x0000000100000000)
  eden space 33280K, 6% used [0x00000000eab00000,0x00000000eacf4f58,0x00000000ecb80000)
  from space 5120K, 0% used [0x00000000ed080000,0x00000000ed080000,0x00000000ed580000)
  to   space 5120K, 0% used [0x00000000ecb80000,0x00000000ecb80000,0x00000000ed080000)
 ParOldGen       total 87552K, used 0K [0x00000000c0000000, 0x00000000c5580000, 0x00000000eab00000)
  object space 87552K, 0% used [0x00000000c0000000,0x00000000c0000000,0x00000000c5580000)
 Metaspace       used 2987K, capacity 4656K, committed 4864K, reserved 1056768K
  class space    used 318K, capacity 424K, committed 512K, reserved 1048576K

Card table byte_map: [0x00000000122c0000,0x00000000124d0000] byte_map_base: 0x0000000011cc0000

Marking Bits: (ParMarkBitMap*) 0x0000000059cf18f0
 Begin Bits: [0x0000000012a30000, 0x0000000013a30000)
 End Bits:   [0x0000000013a30000, 0x0000000014a30000)

Polling page: 0x00000000013a0000

CodeCache: size=245760Kb used=1154Kb max_used=1154Kb free=244605Kb
 bounds [0x0000000002f00000, 0x0000000003170000, 0x0000000011f00000]
 total_blobs=284 nmethods=47 adapters=151
 compilation: enabled

Compilation events (10 events):
Event: 0.307 Thread 0x0000000015627000 nmethod 39 0x0000000003018810 code [0x0000000003018960, 0x0000000003018a70]
Event: 0.308 Thread 0x0000000015627000   40       1       java.net.URL::getProtocol (5 bytes)
Event: 0.308 Thread 0x0000000015627000 nmethod 40 0x0000000003018ad0 code [0x0000000003018c20, 0x0000000003018d30]
Event: 0.308 Thread 0x0000000015627000   41       1       java.lang.String::length (6 bytes)
Event: 0.308 Thread 0x0000000015627000 nmethod 41 0x0000000003018d90 code [0x0000000003018ee0, 0x0000000003018ff0]
Event: 0.308 Thread 0x0000000015627000   42       3       java.lang.String::getChars (62 bytes)
Event: 0.309 Thread 0x0000000015627000 nmethod 42 0x0000000003019090 code [0x0000000003019240, 0x0000000003019678]
Event: 0.317 Thread 0x0000000015627000   43       3       java.util.HashMap::getNode (148 bytes)
Event: 0.318 Thread 0x0000000015627000 nmethod 43 0x0000000003019f10 code [0x000000000301a0e0, 0x000000000301aa88]
Event: 0.318 Thread 0x0000000015627000   45  s!   3       sun.misc.URLClassPath::getLoader (197 bytes)

GC Heap History (0 events):
No events

Deoptimization events (0 events):
No events

Internal exceptions (2 events):
Event: 0.154 Thread 0x0000000002e00800 Exception <a 'java/lang/NoSuchMethodError': Method sun.misc.Unsafe.defineClass(Ljava/lang/String;[BII)Ljava/lang/Class; name or signature does not match> (0x00000000eab07c78) thrown at [C:\src\android\AOSP-openjdk\external\jetbrains\jdk\hotspot\src\share\v¼Ø ¦v¸Ã?
Event: 0.154 Thread 0x0000000002e00800 Exception <a 'java/lang/NoSuchMethodError': Method sun.misc.Unsafe.prefetchRead(Ljava/lang/Object;J)V name or signature does not match> (0x00000000eab07f60) thrown at [C:\src\android\AOSP-openjdk\external\jetbrains\jdk\hotspot\src\share\vm\prims\jni.cpp, l

Events (10 events):
Event: 0.319 loading class com/android/dx/rop/type/TypeBearer
Event: 0.319 loading class com/android/dx/rop/type/TypeBearer done
Event: 0.320 loading class com/android/dx/dex/file/Section
Event: 0.320 loading class com/android/dx/dex/file/Section done
Event: 0.320 loading class com/android/dx/dex/file/MixedItemSection
Event: 0.320 loading class com/android/dx/dex/file/MixedItemSection done
Event: 0.321 loading class java/security/NoSuchAlgorithmException
Event: 0.322 loading class java/security/GeneralSecurityException
Event: 0.322 loading class java/security/GeneralSecurityException done
Event: 0.322 loading class java/security/NoSuchAlgorithmException done


Dynamic libraries:
0x00007ff6ea480000 - 0x00007ff6ea4b1000 	C:\Program Files\Android\Android Studio\jre\bin\java.exe
0x00007ffeca8f0000 - 0x00007ffecaab2000 	C:\WINDOWS\SYSTEM32\ntdll.dll
0x00007ffeca540000 - 0x00007ffeca5ed000 	C:\WINDOWS\system32\KERNEL32.DLL
0x00007ffec7b00000 - 0x00007ffec7cdd000 	C:\WINDOWS\system32\KERNELBASE.dll
0x00007ffeca840000 - 0x00007ffeca8e6000 	C:\WINDOWS\system32\ADVAPI32.dll
0x00007ffeca7a0000 - 0x00007ffeca83d000 	C:\WINDOWS\system32\msvcrt.dll
0x00007ffec9640000 - 0x00007ffec969b000 	C:\WINDOWS\system32\sechost.dll
0x00007ffec96c0000 - 0x00007ffec97e6000 	C:\WINDOWS\system32\RPCRT4.dll
0x00007ffeca240000 - 0x00007ffeca38e000 	C:\WINDOWS\system32\USER32.dll
0x00007ffec9f40000 - 0x00007ffeca0c5000 	C:\WINDOWS\system32\GDI32.dll
0x00007ffebeac0000 - 0x00007ffebed34000 	C:\WINDOWS\WinSxS\amd64_microsoft.windows.common-controls_6595b64144ccf1df_6.0.10240.16384_none_f41f7b285750ef43\COMCTL32.dll
0x00007ffec9a30000 - 0x00007ffec9a66000 	C:\WINDOWS\system32\IMM32.DLL
0x00007ffeca0d0000 - 0x00007ffeca22c000 	C:\WINDOWS\system32\MSCTF.dll
0x0000000059450000 - 0x0000000059522000 	C:\Program Files\Android\Android Studio\jre\jre\bin\msvcr100.dll
0x0000000059530000 - 0x0000000059d6c000 	C:\Program Files\Android\Android Studio\jre\jre\bin\server\jvm.dll
0x00007ffeca6b0000 - 0x00007ffeca6b8000 	C:\WINDOWS\system32\PSAPI.DLL
0x00007ffebb6a0000 - 0x00007ffebb6a9000 	C:\WINDOWS\SYSTEM32\WSOCK32.dll
0x00007ffec9a70000 - 0x00007ffec9ad9000 	C:\WINDOWS\system32\WS2_32.dll
0x00007ffeca230000 - 0x00007ffeca238000 	C:\WINDOWS\system32\NSI.dll
0x00007ffebf6f0000 - 0x00007ffebf713000 	C:\WINDOWS\SYSTEM32\WINMM.dll
0x00007ffebcf30000 - 0x00007ffebcf3a000 	C:\WINDOWS\SYSTEM32\VERSION.dll
0x00007ffebf6c0000 - 0x00007ffebf6ec000 	C:\WINDOWS\SYSTEM32\WINMMBASE.dll
0x00007ffec79f0000 - 0x00007ffec7a34000 	C:\WINDOWS\system32\cfgmgr32.dll
0x00007ffec5bd0000 - 0x00007ffec5bf7000 	C:\WINDOWS\SYSTEM32\DEVOBJ.dll
0x00007ffeab0b0000 - 0x00007ffeab0bf000 	C:\Program Files\Android\Android Studio\jre\jre\bin\verify.dll
0x00007ffeab080000 - 0x00007ffeab0a9000 	C:\Program Files\Android\Android Studio\jre\jre\bin\java.dll
0x00007ffeab060000 - 0x00007ffeab076000 	C:\Program Files\Android\Android Studio\jre\jre\bin\zip.dll
0x00007ffec8110000 - 0x00007ffec9635000 	C:\WINDOWS\system32\SHELL32.dll
0x00007ffec73c0000 - 0x00007ffec79e8000 	C:\WINDOWS\system32\windows.storage.dll
0x00007ffec9cc0000 - 0x00007ffec9f3c000 	C:\WINDOWS\system32\combase.dll
0x00007ffec9970000 - 0x00007ffec99c1000 	C:\WINDOWS\system32\shlwapi.dll
0x00007ffec7370000 - 0x00007ffec737f000 	C:\WINDOWS\system32\kernel.appcore.dll
0x00007ffec7a40000 - 0x00007ffec7af3000 	C:\WINDOWS\system32\shcore.dll
0x00007ffec7320000 - 0x00007ffec736a000 	C:\WINDOWS\system32\powrprof.dll
0x00007ffec7380000 - 0x00007ffec7393000 	C:\WINDOWS\system32\profapi.dll

VM Arguments:
jvm_args: -Djava.awt.headless=true -Xmx1024M -Dfile.encoding=windows-1252 -Duser.country=US -Duser.language=en -Duser.variant 
java_command: com.android.dx.command.Main --dex --force-jumbo --num-threads=4 --multi-dex --output C:\Users\Akano\Desktop\bf_101\app\build\intermediates\transforms\dex\debug\folders\1000\10000\instant-run_092aeba1649755f8db643871f63093713d50e9f6 C:\Users\Akano\Desktop\bf_101\app\build\intermediates\incremental-runtime-classes\debug\instant-run.jar
java_class_path (initial): C:\Android\sdk\build-tools\25.0.0\lib\dx.jar
Launcher Type: SUN_STANDARD

Environment Variables:
PATH=C:\ProgramData\Oracle\Java\javapath;C:\WINDOWS\system32;C:\WINDOWS;C:\WINDOWS\System32\Wbem;C:\WINDOWS\System32\WindowsPowerShell\v1.0\;C:\Program Files (x86)\Android\android-sdk\platform-tools\;C:\Program Files (x86)\Tesseract-OCR
USERNAME=Akano
OS=Windows_NT
PROCESSOR_IDENTIFIER=Intel64 Family 6 Model 58 Stepping 9, GenuineIntel



---------------  S Y S T E M  ---------------

OS: Windows 10.0 , 64 bit Build 10240 (10.0.10240.16384)

CPU:total 4 (2 cores per cpu, 2 threads per core) family 6 model 58 stepping 9, cmov, cx8, fxsr, mmx, sse, sse2, sse3, ssse3, sse4.1, sse4.2, popcnt, avx, clmul, erms, ht, tsc, tscinvbit, tscinv

Memory: 4k page, physical 8281448k(1175520k free), swap 12405556k(2076k free)

vm_info: OpenJDK 64-Bit Server VM (25.112-b06) for windows-amd64 JRE (1.8.0_112-release-b06), built on Dec  8 2016 00:54:26 by "builder" with MS VC++ 10.0 (VS2010)

time: Tue Apr 04 09:21:58 2017
elapsed time: 0 seconds (0d 0h 0m 0s)

