#
# There is insufficient memory for the Java Runtime Environment to continue.
# Native memory allocation (malloc) failed to allocate 32744 bytes for ChunkPool::allocate
# Possible reasons:
#   The system is out of physical RAM or swap space
#   In 32 bit mode, the process size limit was hit
# Possible solutions:
#   Reduce memory load on the system
#   Increase physical memory or swap space
#   Check if swap backing store is full
#   Use 64 bit Java on a 64 bit OS
#   Decrease Java heap size (-Xmx/-Xms)
#   Decrease number of Java threads
#   Decrease Java thread stack sizes (-Xss)
#   Set larger code cache with -XX:ReservedCodeCacheSize=
# This output file may be truncated or incomplete.
#
#  Out of Memory Error (allocation.cpp:273), pid=9104, tid=0x00000000000014b0
#
# JRE version: OpenJDK Runtime Environment (8.0_76-b03) (build 1.8.0_76-release-b03)
# Java VM: OpenJDK 64-Bit Server VM (25.76-b03 mixed mode windows-amd64 compressed oops)
# Failed to write core dump. Minidumps are not enabled by default on client versions of Windows
#

---------------  T H R E A D  ---------------

Current thread (0x0000000015686000):  JavaThread "C2 CompilerThread0" daemon [_thread_in_native, id=5296, stack(0x0000000016ce0000,0x0000000016de0000)]

Stack: [0x0000000016ce0000,0x0000000016de0000]
[error occurred during error reporting (printing stack bounds), id 0xc0000005]

Native frames: (J=compiled Java code, j=interpreted, Vv=VM code, C=native code)


Current CompileTask:
C2:   2230 1167   !   4       com.android.dx.cf.code.BytecodeArray::parseInstruction (2764 bytes)


---------------  P R O C E S S  ---------------

Java Threads: ( => current thread )
  0x0000000017222000 JavaThread "pool-1-thread-4" [_thread_in_Java, id=7696, stack(0x00000000179e0000,0x0000000017ae0000)]
  0x0000000017221000 JavaThread "pool-1-thread-3" [_thread_in_vm, id=9172, stack(0x00000000178e0000,0x00000000179e0000)]
  0x00000000172e3800 JavaThread "pool-1-thread-2" [_thread_in_vm, id=5432, stack(0x00000000177e0000,0x00000000178e0000)]
  0x0000000017300800 JavaThread "pool-2-thread-1" [_thread_blocked, id=2044, stack(0x00000000176e0000,0x00000000177e0000)]
  0x0000000017300000 JavaThread "pool-1-thread-1" [_thread_in_vm, id=8592, stack(0x00000000175e0000,0x00000000176e0000)]
  0x0000000016fea000 JavaThread "Service Thread" daemon [_thread_blocked, id=4860, stack(0x00000000173e0000,0x00000000174e0000)]
  0x00000000156da000 JavaThread "C1 CompilerThread2" daemon [_thread_in_vm, id=8904, stack(0x0000000016ee0000,0x0000000016fe0000)]
  0x00000000156cc000 JavaThread "C2 CompilerThread1" daemon [_thread_blocked, id=7280, stack(0x0000000016de0000,0x0000000016ee0000)]
=>0x0000000015686000 JavaThread "C2 CompilerThread0" daemon [_thread_in_native, id=5296, stack(0x0000000016ce0000,0x0000000016de0000)]
  0x0000000015685000 JavaThread "Attach Listener" daemon [_thread_blocked, id=3424, stack(0x0000000016be0000,0x0000000016ce0000)]
  0x0000000015683800 JavaThread "Signal Dispatcher" daemon [_thread_blocked, id=7012, stack(0x0000000016ae0000,0x0000000016be0000)]
  0x0000000002fa5000 JavaThread "Finalizer" daemon [_thread_blocked, id=3364, stack(0x0000000016900000,0x0000000016a00000)]
  0x0000000002f9f000 JavaThread "Reference Handler" daemon [_thread_blocked, id=5284, stack(0x0000000016800000,0x0000000016900000)]
  0x0000000002eb0800 JavaThread "main" [_thread_in_Java, id=2828, stack(0x0000000002cf0000,0x0000000002df0000)]

Other Threads:
  0x0000000015644000 VMThread [stack: 0x0000000016700000,0x0000000016800000] [id=7780]
  0x0000000016fec800 WatcherThread [stack: 0x00000000174e0000,0x00000000175e0000] [id=6116]

VM state:synchronizing (normal execution)

VM Mutex/Monitor currently owned by a thread:  ([mutex/lock_event])
[0x0000000002eabce0] Safepoint_lock - owner thread: 0x0000000015644000
[0x0000000002eac760] Threads_lock - owner thread: 0x0000000015644000
[0x0000000002eac5e0] Heap_lock - owner thread: 0x00000000172e3800

Heap:
 PSYoungGen      total 38400K, used 33280K [0x00000000eab00000, 0x00000000ed580000, 0x0000000100000000)
  eden space 33280K, 100% used [0x00000000eab00000,0x00000000ecb80000,0x00000000ecb80000)
  from space 5120K, 0% used [0x00000000ed080000,0x00000000ed080000,0x00000000ed580000)
  to   space 5120K, 0% used [0x00000000ecb80000,0x00000000ecb80000,0x00000000ed080000)
 ParOldGen       total 87552K, used 0K [0x00000000c0000000, 0x00000000c5580000, 0x00000000eab00000)
  object space 87552K, 0% used [0x00000000c0000000,0x00000000c0000000,0x00000000c5580000)
 Metaspace       used 5936K, capacity 6896K, committed 7040K, reserved 1056768K
  class space    used 578K, capacity 616K, committed 640K, reserved 1048576K

Card table byte_map: [0x0000000012370000,0x0000000012580000] byte_map_base: 0x0000000011d70000

Marking Bits: (ParMarkBitMap*) 0x0000000060ef9d00
 Begin Bits: [0x0000000012ae0000, 0x0000000013ae0000)
 End Bits:   [0x0000000013ae0000, 0x0000000014ae0000)

Polling page: 0x0000000002df0000

CodeCache: size=245760Kb used=4927Kb max_used=4927Kb free=240832Kb
 bounds [0x0000000002fb0000, 0x0000000003490000, 0x0000000011fb0000]
 total_blobs=1498 nmethods=1230 adapters=182
 compilation: enabled

Compilation events (10 events):
Event: 2.125 Thread 0x00000000156da000 nmethod 1233 0x000000000347a290 code [0x000000000347a4a0, 0x000000000347af68]
Event: 2.125 Thread 0x00000000156da000 1235       3       com.android.dx.ssa.SCCP::<init> (142 bytes)
Event: 2.126 Thread 0x00000000156da000 nmethod 1235 0x000000000347b5d0 code [0x000000000347b840, 0x000000000347c968]
Event: 2.126 Thread 0x00000000156da000 1236       3       com.android.dx.ssa.back.LivenessAnalyzer::constructInterferenceGraph (47 bytes)
Event: 2.127 Thread 0x00000000156da000 nmethod 1236 0x000000000347d250 code [0x000000000347d400, 0x000000000347d838]
Event: 2.127 Thread 0x00000000156da000 1237       3       com.android.dx.ssa.back.FirstFitLocalCombiningAllocator::handleUnassociatedParameters (60 bytes)
Event: 2.127 Thread 0x00000000156da000 nmethod 1237 0x000000000347da10 code [0x000000000347dbc0, 0x000000000347e278]
Event: 2.127 Thread 0x00000000156da000 1234       3       com.android.dx.ssa.SsaConverter::edgeSplitPredecessors (44 bytes)
Event: 2.128 Thread 0x00000000156da000 nmethod 1234 0x000000000347e510 code [0x000000000347e720, 0x000000000347f0e8]
Event: 2.129 Thread 0x00000000156da000 1238       3       com.android.dx.ssa.ConstCollector::updateConstUses (248 bytes)

GC Heap History (0 events):
No events

Deoptimization events (4 events):
Event: 0.540 Thread 0x0000000002eb0800 Uncommon trap: reason=unstable_if action=reinterpret pc=0x00000000030fb654 method=java.lang.String.compareTo(Ljava/lang/String;)I @ 38
Event: 1.604 Thread 0x00000000172e3800 Uncommon trap: reason=unstable_if action=reinterpret pc=0x000000000332902c method=com.android.dx.rop.code.RegisterSpecSet.put(Lcom/android/dx/rop/code/RegisterSpec;)V @ 77
Event: 1.604 Thread 0x00000000172e3800 Uncommon trap: reason=unstable_if action=reinterpret pc=0x0000000003335ba8 method=com.android.dx.rop.code.RegisterSpecSet.put(Lcom/android/dx/rop/code/RegisterSpec;)V @ 77
Event: 1.683 Thread 0x0000000017221000 Uncommon trap: reason=unstable_if action=reinterpret pc=0x000000000328c060 method=com.android.dx.rop.code.RegisterSpec.equals(ILcom/android/dx/rop/type/TypeBearer;Lcom/android/dx/rop/code/LocalItem;)Z @ 42

Internal exceptions (2 events):
Event: 0.200 Thread 0x0000000002eb0800 Exception <a 'java/lang/NoSuchMethodError': Method sun.misc.Unsafe.defineClass(Ljava/lang/String;[BII)Ljava/lang/Class; name or signature does not match> (0x00000000eab07cc0) thrown at [C:\src\android\AOSP-openjdk\external\jetbrains\jdk\hotspot\src\share\vzé4iœÉ?
Event: 0.200 Thread 0x0000000002eb0800 Exception <a 'java/lang/NoSuchMethodError': Method sun.misc.Unsafe.prefetchRead(Ljava/lang/Object;J)V name or signature does not match> (0x00000000eab07fa8) thrown at [C:\src\android\AOSP-openjdk\external\jetbrains\jdk\hotspot\src\share\vm\prims\jni.cpp, l

Events (10 events):
Event: 1.604 Thread 0x00000000172e3800 Uncommon trap: trap_request=0xffffff65 fr.pc=0x000000000332902c
Event: 1.604 Thread 0x00000000172e3800 DEOPT PACKING pc=0x000000000332902c sp=0x00000000178deb30
Event: 1.604 Thread 0x00000000172e3800 DEOPT UNPACKING pc=0x0000000002ff556a sp=0x00000000178deab8 mode 2
Event: 1.604 Thread 0x00000000172e3800 Uncommon trap: trap_request=0xffffff65 fr.pc=0x0000000003335ba8
Event: 1.604 Thread 0x00000000172e3800 DEOPT PACKING pc=0x0000000003335ba8 sp=0x00000000178deb20
Event: 1.604 Thread 0x00000000172e3800 DEOPT UNPACKING pc=0x0000000002ff556a sp=0x00000000178dea40 mode 2
Event: 1.683 Thread 0x0000000017221000 Uncommon trap: trap_request=0xffffff65 fr.pc=0x000000000328c060
Event: 1.683 Thread 0x0000000017221000 DEOPT PACKING pc=0x000000000328c060 sp=0x00000000179dec30
Event: 1.683 Thread 0x0000000017221000 DEOPT UNPACKING pc=0x0000000002ff556a sp=0x00000000179debb8 mode 2
Event: 2.132 Executing VM operation: ParallelGCFailedAllocation


Dynamic libraries:
0x00007ff688340000 - 0x00007ff688371000 	C:\Program Files\Android\Android Studio\jre\bin\java.exe
0x00007ff97d740000 - 0x00007ff97d902000 	C:\WINDOWS\SYSTEM32\ntdll.dll
0x00007ff97d270000 - 0x00007ff97d31d000 	C:\WINDOWS\system32\KERNEL32.DLL
0x00007ff97a2d0000 - 0x00007ff97a4ad000 	C:\WINDOWS\system32\KERNELBASE.dll
0x00007ff97d5f0000 - 0x00007ff97d696000 	C:\WINDOWS\system32\ADVAPI32.dll
0x00007ff97cb50000 - 0x00007ff97cbed000 	C:\WINDOWS\system32\msvcrt.dll
0x00007ff97cbf0000 - 0x00007ff97cc4b000 	C:\WINDOWS\system32\sechost.dll
0x00007ff97ca10000 - 0x00007ff97cb36000 	C:\WINDOWS\system32\RPCRT4.dll
0x00007ff97d3d0000 - 0x00007ff97d51e000 	C:\WINDOWS\system32\USER32.dll
0x00007ff97afd0000 - 0x00007ff97b155000 	C:\WINDOWS\system32\GDI32.dll
0x00007ff9725d0000 - 0x00007ff972844000 	C:\WINDOWS\WinSxS\amd64_microsoft.windows.common-controls_6595b64144ccf1df_6.0.10240.16384_none_f41f7b285750ef43\COMCTL32.dll
0x00007ff97d700000 - 0x00007ff97d736000 	C:\WINDOWS\system32\IMM32.DLL
0x00007ff97c7f0000 - 0x00007ff97c94c000 	C:\WINDOWS\system32\MSCTF.dll
0x0000000061aa0000 - 0x0000000061b72000 	C:\Program Files\Android\Android Studio\jre\jre\bin\msvcr100.dll
0x0000000060740000 - 0x0000000060f74000 	C:\Program Files\Android\Android Studio\jre\jre\bin\server\jvm.dll
0x00007ff97ae10000 - 0x00007ff97ae18000 	C:\WINDOWS\system32\PSAPI.DLL
0x00007ff972860000 - 0x00007ff972869000 	C:\WINDOWS\SYSTEM32\WSOCK32.dll
0x00007ff97c770000 - 0x00007ff97c7d9000 	C:\WINDOWS\system32\WS2_32.dll
0x00007ff97cb40000 - 0x00007ff97cb48000 	C:\WINDOWS\system32\NSI.dll
0x00007ff972970000 - 0x00007ff972993000 	C:\WINDOWS\SYSTEM32\WINMM.dll
0x00007ff971440000 - 0x00007ff97144a000 	C:\WINDOWS\SYSTEM32\VERSION.dll
0x00007ff972940000 - 0x00007ff97296c000 	C:\WINDOWS\SYSTEM32\WINMMBASE.dll
0x00007ff97a510000 - 0x00007ff97a554000 	C:\WINDOWS\system32\cfgmgr32.dll
0x00007ff978b00000 - 0x00007ff978b27000 	C:\WINDOWS\SYSTEM32\DEVOBJ.dll
0x00007ff974a30000 - 0x00007ff974a3f000 	C:\Program Files\Android\Android Studio\jre\jre\bin\verify.dll
0x00007ff96a170000 - 0x00007ff96a199000 	C:\Program Files\Android\Android Studio\jre\jre\bin\java.dll
0x00007ff969940000 - 0x00007ff969956000 	C:\Program Files\Android\Android Studio\jre\jre\bin\zip.dll
0x00007ff97b160000 - 0x00007ff97c685000 	C:\WINDOWS\system32\SHELL32.dll
0x00007ff97a560000 - 0x00007ff97ab88000 	C:\WINDOWS\system32\windows.storage.dll
0x00007ff97cc50000 - 0x00007ff97cecc000 	C:\WINDOWS\system32\combase.dll
0x00007ff97d1f0000 - 0x00007ff97d241000 	C:\WINDOWS\system32\shlwapi.dll
0x00007ff97a200000 - 0x00007ff97a20f000 	C:\WINDOWS\system32\kernel.appcore.dll
0x00007ff97a210000 - 0x00007ff97a2c3000 	C:\WINDOWS\system32\shcore.dll
0x00007ff97a1b0000 - 0x00007ff97a1fa000 	C:\WINDOWS\system32\powrprof.dll
0x00007ff97a170000 - 0x00007ff97a183000 	C:\WINDOWS\system32\profapi.dll

VM Arguments:
jvm_args: -Djava.awt.headless=true -Xmx1024M -Dfile.encoding=windows-1252 -Duser.country=US -Duser.language=en -Duser.variant 
java_command: com.android.dx.command.Main --dex --num-threads=4 --output C:\Users\Akano\Desktop\SlidingMenu1\app\build\intermediates\pre-dexed\debug\com.android.support-appcompat-v7-23.4.0_5a8e7e0b1041eaf93b4294b338a79c9a99f20bb6.jar C:\Users\Akano\Desktop\SlidingMenu1\app\build\intermediates\exploded-aar\com.android.support\appcompat-v7\23.4.0\jars\classes.jar
java_class_path (initial): C:\Android\sdk\build-tools\25.0.0\lib\dx.jar
Launcher Type: SUN_STANDARD

Environment Variables:
PATH=C:\ProgramData\Oracle\Java\javapath;C:\WINDOWS\system32;C:\WINDOWS;C:\WINDOWS\System32\Wbem;C:\WINDOWS\System32\WindowsPowerShell\v1.0\;C:\Program Files (x86)\Android\android-sdk\platform-tools\;C:\Program Files (x86)\Tesseract-OCR
USERNAME=Akano
OS=Windows_NT
PROCESSOR_IDENTIFIER=Intel64 Family 6 Model 58 Stepping 9, GenuineIntel



---------------  S Y S T E M  ---------------

OS: Windows 10.0 , 64 bit Build 10240 (10.0.10240.16384)

CPU:total 4 (2 cores per cpu, 2 threads per core) family 6 model 58 stepping 9, cmov, cx8, fxsr, mmx, sse, sse2, sse3, ssse3, sse4.1, sse4.2, popcnt, avx, clmul, erms, ht, tsc, tscinvbit, tscinv

Memory: 4k page, physical 8281448k(1642444k free), swap 11485260k(4100k free)

vm_info: OpenJDK 64-Bit Server VM (25.76-b03) for windows-amd64 JRE (1.8.0_76-release-b03), built on Jun 29 2016 19:09:20 by "ralucas" with MS VC++ 10.0 (VS2010)

time: Sun Oct 30 18:23:04 2016
elapsed time: 2 seconds (0d 0h 0m 2s)

