#
# There is insufficient memory for the Java Runtime Environment to continue.
# Native memory allocation (malloc) failed to allocate 1048576 bytes for AllocateHeap
# Possible reasons:
#   The system is out of physical RAM or swap space
#   In 32 bit mode, the process size limit was hit
# Possible solutions:
#   Reduce memory load on the system
#   Increase physical memory or swap space
#   Check if swap backing store is full
#   Use 64 bit Java on a 64 bit OS
#   Decrease Java heap size (-Xmx/-Xms)
#   Decrease number of Java threads
#   Decrease Java thread stack sizes (-Xss)
#   Set larger code cache with -XX:ReservedCodeCacheSize=
# This output file may be truncated or incomplete.
#
#  Out of Memory Error (memory/allocation.inline.hpp:61), pid=3600, tid=0x0000000000000994
#
# JRE version:  (8.0_112-b06) (build )
# Java VM: OpenJDK 64-Bit Server VM (25.112-b06 mixed mode windows-amd64 compressed oops)
# Failed to write core dump. Minidumps are not enabled by default on client versions of Windows
#

---------------  T H R E A D  ---------------

Current thread (0x00000000022f0800):  JavaThread "Unknown thread" [_thread_in_vm, id=2452, stack(0x00000000020f0000,0x00000000021f0000)]

Stack: [0x00000000020f0000,0x00000000021f0000]
[error occurred during error reporting (printing stack bounds), id 0xc0000005]

Native frames: (J=compiled Java code, j=interpreted, Vv=VM code, C=native code)


---------------  P R O C E S S  ---------------

Java Threads: ( => current thread )

Other Threads:

=>0x00000000022f0800 (exited) JavaThread "Unknown thread" [_thread_in_vm, id=2452, stack(0x00000000020f0000,0x00000000021f0000)]

VM state:not at safepoint (normal execution)

VM Mutex/Monitor currently owned by a thread: None

Heap:
 PSYoungGen      total 38400K, used 665K [0x00000000eab00000, 0x00000000ed580000, 0x0000000100000000)
  eden space 33280K, 2% used [0x00000000eab00000,0x00000000eaba6670,0x00000000ecb80000)
  from space 5120K, 0% used [0x00000000ed080000,0x00000000ed080000,0x00000000ed580000)
  to   space 5120K, 0% used [0x00000000ecb80000,0x00000000ecb80000,0x00000000ed080000)
 ParOldGen       total 87552K, used 0K [0x00000000c0000000, 0x00000000c5580000, 0x00000000eab00000)
  object space 87552K, 0% used [0x00000000c0000000,0x00000000c0000000,0x00000000c5580000)
 Metaspace       used 772K, capacity 4480K, committed 4480K, reserved 1056768K
  class space    used 73K, capacity 384K, committed 384K, reserved 1048576K

Card table byte_map: [0x00000000117b0000,0x00000000119c0000] byte_map_base: 0x00000000111b0000

Marking Bits: (ParMarkBitMap*) 0x0000000059cf18f0
 Begin Bits: [0x0000000011f20000, 0x0000000012f20000)
 End Bits:   [0x0000000012f20000, 0x0000000013f20000)

Polling page: 0x0000000001f70000

CodeCache: size=245760Kb used=328Kb max_used=328Kb free=245431Kb
 bounds [0x00000000023f0000, 0x0000000002660000, 0x00000000113f0000]
 total_blobs=57 nmethods=0 adapters=38
 compilation: enabled

Compilation events (0 events):
No events

GC Heap History (0 events):
No events

Deoptimization events (0 events):
No events

Internal exceptions (0 events):
No events

Events (10 events):
Event: 0.039 loading class java/lang/Short
Event: 0.039 loading class java/lang/Short done
Event: 0.039 loading class java/lang/Integer
Event: 0.039 loading class java/lang/Integer done
Event: 0.039 loading class java/lang/Long
Event: 0.039 loading class java/lang/Long done
Event: 0.040 loading class java/lang/NullPointerException
Event: 0.040 loading class java/lang/NullPointerException done
Event: 0.040 loading class java/lang/ArithmeticException
Event: 0.048 loading class java/lang/ArithmeticException done


Dynamic libraries:
0x00007ff6ea480000 - 0x00007ff6ea4b1000 	C:\Program Files\Android\Android Studio\jre\bin\java.exe
0x00007ffeca8f0000 - 0x00007ffecaab2000 	C:\WINDOWS\SYSTEM32\ntdll.dll
0x00007ffeca540000 - 0x00007ffeca5ed000 	C:\WINDOWS\system32\KERNEL32.DLL
0x00007ffec7b00000 - 0x00007ffec7cdd000 	C:\WINDOWS\system32\KERNELBASE.dll
0x00007ffeca840000 - 0x00007ffeca8e6000 	C:\WINDOWS\system32\ADVAPI32.dll
0x00007ffeca7a0000 - 0x00007ffeca83d000 	C:\WINDOWS\system32\msvcrt.dll
0x00007ffec9640000 - 0x00007ffec969b000 	C:\WINDOWS\system32\sechost.dll
0x00007ffec96c0000 - 0x00007ffec97e6000 	C:\WINDOWS\system32\RPCRT4.dll
0x00007ffeca240000 - 0x00007ffeca38e000 	C:\WINDOWS\system32\USER32.dll
0x00007ffec9f40000 - 0x00007ffeca0c5000 	C:\WINDOWS\system32\GDI32.dll
0x00007ffebeac0000 - 0x00007ffebed34000 	C:\WINDOWS\WinSxS\amd64_microsoft.windows.common-controls_6595b64144ccf1df_6.0.10240.16384_none_f41f7b285750ef43\COMCTL32.dll
0x00007ffec9a30000 - 0x00007ffec9a66000 	C:\WINDOWS\system32\IMM32.DLL
0x00007ffeca0d0000 - 0x00007ffeca22c000 	C:\WINDOWS\system32\MSCTF.dll
0x0000000059450000 - 0x0000000059522000 	C:\Program Files\Android\Android Studio\jre\jre\bin\msvcr100.dll
0x0000000059530000 - 0x0000000059d6c000 	C:\Program Files\Android\Android Studio\jre\jre\bin\server\jvm.dll
0x00007ffeca6b0000 - 0x00007ffeca6b8000 	C:\WINDOWS\system32\PSAPI.DLL
0x00007ffebb6a0000 - 0x00007ffebb6a9000 	C:\WINDOWS\SYSTEM32\WSOCK32.dll
0x00007ffec9a70000 - 0x00007ffec9ad9000 	C:\WINDOWS\system32\WS2_32.dll
0x00007ffeca230000 - 0x00007ffeca238000 	C:\WINDOWS\system32\NSI.dll
0x00007ffebf6f0000 - 0x00007ffebf713000 	C:\WINDOWS\SYSTEM32\WINMM.dll
0x00007ffebcf30000 - 0x00007ffebcf3a000 	C:\WINDOWS\SYSTEM32\VERSION.dll
0x00007ffebf6c0000 - 0x00007ffebf6ec000 	C:\WINDOWS\SYSTEM32\WINMMBASE.dll
0x00007ffec79f0000 - 0x00007ffec7a34000 	C:\WINDOWS\system32\cfgmgr32.dll
0x00007ffec5bd0000 - 0x00007ffec5bf7000 	C:\WINDOWS\SYSTEM32\DEVOBJ.dll
0x00007ffeab0b0000 - 0x00007ffeab0bf000 	C:\Program Files\Android\Android Studio\jre\jre\bin\verify.dll
0x00007ffeab080000 - 0x00007ffeab0a9000 	C:\Program Files\Android\Android Studio\jre\jre\bin\java.dll
0x00007ffeab060000 - 0x00007ffeab076000 	C:\Program Files\Android\Android Studio\jre\jre\bin\zip.dll

VM Arguments:
jvm_args: -Djava.awt.headless=true -Xmx1024M -Dfile.encoding=windows-1252 -Duser.country=US -Duser.language=en -Duser.variant 
java_command: com.android.dx.command.Main --dex --force-jumbo --num-threads=4 --multi-dex --output C:\Users\Akano\Desktop\bf_101\app\build\intermediates\transforms\dex\debug\folders\1000\10000\instant-run-bootstrap_d1ff6f5d0b19bb718ac90574cbe975407bdfa96b C:\Users\Akano\Desktop\bf_101\app\build\intermediates\incremental-classes\debug\instant-run-bootstrap.jar
java_class_path (initial): C:\Android\sdk\build-tools\25.0.0\lib\dx.jar
Launcher Type: SUN_STANDARD

Environment Variables:
PATH=C:\ProgramData\Oracle\Java\javapath;C:\WINDOWS\system32;C:\WINDOWS;C:\WINDOWS\System32\Wbem;C:\WINDOWS\System32\WindowsPowerShell\v1.0\;C:\Program Files (x86)\Android\android-sdk\platform-tools\;C:\Program Files (x86)\Tesseract-OCR
USERNAME=Akano
OS=Windows_NT
PROCESSOR_IDENTIFIER=Intel64 Family 6 Model 58 Stepping 9, GenuineIntel



---------------  S Y S T E M  ---------------

OS: Windows 10.0 , 64 bit Build 10240 (10.0.10240.16384)

CPU:total 4 (2 cores per cpu, 2 threads per core) family 6 model 58 stepping 9, cmov, cx8, fxsr, mmx, sse, sse2, sse3, ssse3, sse4.1, sse4.2, popcnt, avx, clmul, erms, ht, tsc, tscinvbit, tscinv

Memory: 4k page, physical 8281448k(1173368k free), swap 12405556k(10320k free)

vm_info: OpenJDK 64-Bit Server VM (25.112-b06) for windows-amd64 JRE (1.8.0_112-release-b06), built on Dec  8 2016 00:54:26 by "builder" with MS VC++ 10.0 (VS2010)

time: Tue Apr 04 09:21:52 2017
elapsed time: 0 seconds (0d 0h 0m 0s)

