#
# There is insufficient memory for the Java Runtime Environment to continue.
# Native memory allocation (malloc) failed to allocate 32744 bytes for ChunkPool::allocate
# Possible reasons:
#   The system is out of physical RAM or swap space
#   In 32 bit mode, the process size limit was hit
# Possible solutions:
#   Reduce memory load on the system
#   Increase physical memory or swap space
#   Check if swap backing store is full
#   Use 64 bit Java on a 64 bit OS
#   Decrease Java heap size (-Xmx/-Xms)
#   Decrease number of Java threads
#   Decrease Java thread stack sizes (-Xss)
#   Set larger code cache with -XX:ReservedCodeCacheSize=
# This output file may be truncated or incomplete.
#
#  Out of Memory Error (allocation.cpp:273), pid=6232, tid=0x00000000000016a8
#
# JRE version: OpenJDK Runtime Environment (8.0_76-b03) (build 1.8.0_76-release-b03)
# Java VM: OpenJDK 64-Bit Server VM (25.76-b03 mixed mode windows-amd64 compressed oops)
# Failed to write core dump. Minidumps are not enabled by default on client versions of Windows
#

---------------  T H R E A D  ---------------

Current thread (0x00000000155f7800):  JavaThread "C2 CompilerThread1" daemon [_thread_in_native, id=5800, stack(0x0000000016c60000,0x0000000016d60000)]

Stack: [0x0000000016c60000,0x0000000016d60000]
[error occurred during error reporting (printing stack bounds), id 0xc0000005]

Native frames: (J=compiled Java code, j=interpreted, Vv=VM code, C=native code)


Current CompileTask:
C2:  10041  653       4       java.util.ArrayList::ensureCapacityInternal (23 bytes)


---------------  P R O C E S S  ---------------

Java Threads: ( => current thread )
  0x00000000170e4000 JavaThread "pool-1-thread-4" [_thread_in_vm, id=8060, stack(0x0000000017860000,0x0000000017960000)]
  0x00000000170e2800 JavaThread "pool-1-thread-3" [_thread_in_Java, id=6280, stack(0x0000000017760000,0x0000000017860000)]
  0x00000000170d1000 JavaThread "pool-1-thread-2" [_thread_in_native, id=7940, stack(0x0000000017660000,0x0000000017760000)]
  0x00000000170cc800 JavaThread "pool-2-thread-1" [_thread_blocked, id=8784, stack(0x0000000017560000,0x0000000017660000)]
  0x00000000170c7800 JavaThread "pool-1-thread-1" [_thread_blocked, id=5432, stack(0x0000000017460000,0x0000000017560000)]
  0x0000000015601800 JavaThread "Service Thread" daemon [_thread_blocked, id=3748, stack(0x0000000017260000,0x0000000017360000)]
  0x00000000155ff800 JavaThread "C1 CompilerThread2" daemon [_thread_in_native, id=6784, stack(0x0000000016d60000,0x0000000016e60000)]
=>0x00000000155f7800 JavaThread "C2 CompilerThread1" daemon [_thread_in_native, id=5800, stack(0x0000000016c60000,0x0000000016d60000)]
  0x0000000015606000 JavaThread "C2 CompilerThread0" daemon [_thread_in_native, id=1284, stack(0x0000000016b60000,0x0000000016c60000)]
  0x0000000015605000 JavaThread "Attach Listener" daemon [_thread_blocked, id=9000, stack(0x0000000016a60000,0x0000000016b60000)]
  0x0000000015603800 JavaThread "Signal Dispatcher" daemon [_thread_blocked, id=4236, stack(0x0000000016960000,0x0000000016a60000)]
  0x0000000002f25000 JavaThread "Finalizer" daemon [_thread_blocked, id=8992, stack(0x0000000016860000,0x0000000016960000)]
  0x0000000002f1f000 JavaThread "Reference Handler" daemon [_thread_blocked, id=704, stack(0x0000000016760000,0x0000000016860000)]
  0x0000000002e30800 JavaThread "main" [_thread_in_Java, id=8716, stack(0x0000000002bc0000,0x0000000002cc0000)]

Other Threads:
  0x00000000155c4000 VMThread [stack: 0x0000000016660000,0x0000000016760000] [id=8604]
  0x000000001565e000 WatcherThread [stack: 0x0000000017360000,0x0000000017460000] [id=2280]

VM state:not at safepoint (normal execution)

VM Mutex/Monitor currently owned by a thread: None

Heap:
 PSYoungGen      total 38400K, used 27341K [0x00000000eab00000, 0x00000000ed580000, 0x0000000100000000)
  eden space 33280K, 82% used [0x00000000eab00000,0x00000000ec5b3468,0x00000000ecb80000)
  from space 5120K, 0% used [0x00000000ed080000,0x00000000ed080000,0x00000000ed580000)
  to   space 5120K, 0% used [0x00000000ecb80000,0x00000000ecb80000,0x00000000ed080000)
 ParOldGen       total 87552K, used 0K [0x00000000c0000000, 0x00000000c5580000, 0x00000000eab00000)
  object space 87552K, 0% used [0x00000000c0000000,0x00000000c0000000,0x00000000c5580000)
 Metaspace       used 5628K, capacity 6640K, committed 6784K, reserved 1056768K
  class space    used 575K, capacity 616K, committed 640K, reserved 1048576K

Card table byte_map: [0x00000000122f0000,0x0000000012500000] byte_map_base: 0x0000000011cf0000

Marking Bits: (ParMarkBitMap*) 0x0000000060ef9d00
 Begin Bits: [0x0000000012a60000, 0x0000000013a60000)
 End Bits:   [0x0000000013a60000, 0x0000000014a60000)

Polling page: 0x00000000012c0000

CodeCache: size=245760Kb used=2443Kb max_used=2454Kb free=243316Kb
 bounds [0x0000000002f30000, 0x00000000031a0000, 0x0000000011f30000]
 total_blobs=907 nmethods=639 adapters=182
 compilation: enabled

Compilation events (10 events):
Event: 9.974 Thread 0x0000000015606000 nmethod 647 0x000000000318fd50 code [0x000000000318fea0, 0x000000000318ffa8]
Event: 9.975 Thread 0x00000000155f7800  648       4       java.util.BitSet::get (69 bytes)
Event: 9.975 Thread 0x00000000155ff800 nmethod 638 0x0000000003190150 code [0x0000000003190640, 0x0000000003193e98]
Event: 9.975 Thread 0x00000000155ff800  636       3       com.android.dx.ssa.SsaBasicBlock::isExitBlock (20 bytes)
Event: 9.975 Thread 0x00000000155ff800 nmethod 636 0x0000000003189690 code [0x0000000003189800, 0x0000000003189a50]
Event: 9.975 Thread 0x00000000155ff800  640   !   3       com.android.dx.cf.code.BytecodeArray::parseInstruction (2764 bytes)
Event: 9.976 Thread 0x00000000155f7800 nmethod 648 0x0000000003187350 code [0x0000000003187480, 0x0000000003187558]
Event: 9.979 Thread 0x0000000015606000  651       4       com.android.dx.util.Bits::clear (21 bytes)
Event: 9.980 Thread 0x0000000015606000 nmethod 651 0x000000000317c6d0 code [0x000000000317c800, 0x000000000317c898]
Event: 9.983 Thread 0x00000000155f7800  653       4       java.util.ArrayList::ensureCapacityInternal (23 bytes)

GC Heap History (0 events):
No events

Deoptimization events (3 events):
Event: 4.403 Thread 0x0000000002e30800 Uncommon trap: reason=unstable_if action=reinterpret pc=0x000000000307c194 method=java.lang.String.compareTo(Ljava/lang/String;)I @ 38
Event: 5.039 Thread 0x0000000002e30800 Uncommon trap: reason=unstable_if action=reinterpret pc=0x000000000307c658 method=java.lang.String.indexOf(II)I @ 49
Event: 9.859 Thread 0x0000000002e30800 Uncommon trap: reason=unstable_if action=reinterpret pc=0x00000000031488f8 method=java.util.HashMap.getNode(ILjava/lang/Object;)Ljava/util/HashMap$Node; @ 62

Internal exceptions (2 events):
Event: 1.402 Thread 0x0000000002e30800 Exception <a 'java/lang/NoSuchMethodError': Method sun.misc.Unsafe.defineClass(Ljava/lang/String;[BII)Ljava/lang/Class; name or signature does not match> (0x00000000eab07cc0) thrown at [C:\src\android\AOSP-openjdk\external\jetbrains\jdk\hotspot\src\share\vÊØ#åõoö?
Event: 1.402 Thread 0x0000000002e30800 Exception <a 'java/lang/NoSuchMethodError': Method sun.misc.Unsafe.prefetchRead(Ljava/lang/Object;J)V name or signature does not match> (0x00000000eab07fa8) thrown at [C:\src\android\AOSP-openjdk\external\jetbrains\jdk\hotspot\src\share\vm\prims\jni.cpp, l

Events (10 events):
Event: 9.833 loading class com/android/dx/dex/file/ParameterAnnotationStruct done
Event: 9.834 loading class com/android/dx/dex/file/UniformListItem
Event: 9.834 loading class com/android/dx/dex/file/UniformListItem done
Event: 9.835 loading class com/android/dx/dex/file/AnnotationSetRefItem
Event: 9.835 loading class com/android/dx/dex/file/AnnotationSetRefItem done
Event: 9.859 Thread 0x0000000002e30800 Uncommon trap: trap_request=0xffffff65 fr.pc=0x00000000031488f8
Event: 9.859 Thread 0x0000000002e30800 DEOPT PACKING pc=0x00000000031488f8 sp=0x0000000002cbe150
Event: 9.859 Thread 0x0000000002e30800 DEOPT UNPACKING pc=0x0000000002f7556a sp=0x0000000002cbe0c8 mode 2
Event: 9.956 loading class com/android/dx/cf/code/SwitchList
Event: 9.956 loading class com/android/dx/cf/code/SwitchList done


Dynamic libraries:
0x00007ff688340000 - 0x00007ff688371000 	C:\Program Files\Android\Android Studio\jre\bin\java.exe
0x00007ff97d740000 - 0x00007ff97d902000 	C:\WINDOWS\SYSTEM32\ntdll.dll
0x00007ff97d270000 - 0x00007ff97d31d000 	C:\WINDOWS\system32\KERNEL32.DLL
0x00007ff97a2d0000 - 0x00007ff97a4ad000 	C:\WINDOWS\system32\KERNELBASE.dll
0x00007ff97d5f0000 - 0x00007ff97d696000 	C:\WINDOWS\system32\ADVAPI32.dll
0x00007ff97cb50000 - 0x00007ff97cbed000 	C:\WINDOWS\system32\msvcrt.dll
0x00007ff97cbf0000 - 0x00007ff97cc4b000 	C:\WINDOWS\system32\sechost.dll
0x00007ff97ca10000 - 0x00007ff97cb36000 	C:\WINDOWS\system32\RPCRT4.dll
0x00007ff97d3d0000 - 0x00007ff97d51e000 	C:\WINDOWS\system32\USER32.dll
0x00007ff97afd0000 - 0x00007ff97b155000 	C:\WINDOWS\system32\GDI32.dll
0x00007ff9725d0000 - 0x00007ff972844000 	C:\WINDOWS\WinSxS\amd64_microsoft.windows.common-controls_6595b64144ccf1df_6.0.10240.16384_none_f41f7b285750ef43\COMCTL32.dll
0x00007ff97d700000 - 0x00007ff97d736000 	C:\WINDOWS\system32\IMM32.DLL
0x00007ff97c7f0000 - 0x00007ff97c94c000 	C:\WINDOWS\system32\MSCTF.dll
0x0000000061aa0000 - 0x0000000061b72000 	C:\Program Files\Android\Android Studio\jre\jre\bin\msvcr100.dll
0x0000000060740000 - 0x0000000060f74000 	C:\Program Files\Android\Android Studio\jre\jre\bin\server\jvm.dll
0x00007ff97ae10000 - 0x00007ff97ae18000 	C:\WINDOWS\system32\PSAPI.DLL
0x00007ff972860000 - 0x00007ff972869000 	C:\WINDOWS\SYSTEM32\WSOCK32.dll
0x00007ff97c770000 - 0x00007ff97c7d9000 	C:\WINDOWS\system32\WS2_32.dll
0x00007ff97cb40000 - 0x00007ff97cb48000 	C:\WINDOWS\system32\NSI.dll
0x00007ff972970000 - 0x00007ff972993000 	C:\WINDOWS\SYSTEM32\WINMM.dll
0x00007ff971440000 - 0x00007ff97144a000 	C:\WINDOWS\SYSTEM32\VERSION.dll
0x00007ff972940000 - 0x00007ff97296c000 	C:\WINDOWS\SYSTEM32\WINMMBASE.dll
0x00007ff97a510000 - 0x00007ff97a554000 	C:\WINDOWS\system32\cfgmgr32.dll
0x00007ff978b00000 - 0x00007ff978b27000 	C:\WINDOWS\SYSTEM32\DEVOBJ.dll
0x00007ff974a30000 - 0x00007ff974a3f000 	C:\Program Files\Android\Android Studio\jre\jre\bin\verify.dll
0x00007ff96a170000 - 0x00007ff96a199000 	C:\Program Files\Android\Android Studio\jre\jre\bin\java.dll
0x00007ff969940000 - 0x00007ff969956000 	C:\Program Files\Android\Android Studio\jre\jre\bin\zip.dll
0x00007ff97b160000 - 0x00007ff97c685000 	C:\WINDOWS\system32\SHELL32.dll
0x00007ff97a560000 - 0x00007ff97ab88000 	C:\WINDOWS\system32\windows.storage.dll
0x00007ff97cc50000 - 0x00007ff97cecc000 	C:\WINDOWS\system32\combase.dll
0x00007ff97d1f0000 - 0x00007ff97d241000 	C:\WINDOWS\system32\shlwapi.dll
0x00007ff97a200000 - 0x00007ff97a20f000 	C:\WINDOWS\system32\kernel.appcore.dll
0x00007ff97a210000 - 0x00007ff97a2c3000 	C:\WINDOWS\system32\shcore.dll
0x00007ff97a1b0000 - 0x00007ff97a1fa000 	C:\WINDOWS\system32\powrprof.dll
0x00007ff97a170000 - 0x00007ff97a183000 	C:\WINDOWS\system32\profapi.dll

VM Arguments:
jvm_args: -Djava.awt.headless=true -Xmx1024M -Dfile.encoding=windows-1252 -Duser.country=US -Duser.language=en -Duser.variant 
java_command: com.android.dx.command.Main --dex --num-threads=4 --output C:\Users\Akano\Desktop\SlidingMenu1\app\build\intermediates\pre-dexed\debug\com.android.support-support-v4-23.4.0_fd33c2bb16b226feae21b40caaa7085e3dbcbc52.jar C:\Users\Akano\Desktop\SlidingMenu1\app\build\intermediates\exploded-aar\com.android.support\support-v4\23.4.0\jars\classes.jar
java_class_path (initial): C:\Android\sdk\build-tools\25.0.0\lib\dx.jar
Launcher Type: SUN_STANDARD

Environment Variables:
PATH=C:\ProgramData\Oracle\Java\javapath;C:\WINDOWS\system32;C:\WINDOWS;C:\WINDOWS\System32\Wbem;C:\WINDOWS\System32\WindowsPowerShell\v1.0\;C:\Program Files (x86)\Android\android-sdk\platform-tools\;C:\Program Files (x86)\Tesseract-OCR
USERNAME=Akano
OS=Windows_NT
PROCESSOR_IDENTIFIER=Intel64 Family 6 Model 58 Stepping 9, GenuineIntel



---------------  S Y S T E M  ---------------

OS: Windows 10.0 , 64 bit Build 10240 (10.0.10240.16384)

CPU:total 4 (2 cores per cpu, 2 threads per core) family 6 model 58 stepping 9, cmov, cx8, fxsr, mmx, sse, sse2, sse3, ssse3, sse4.1, sse4.2, popcnt, avx, clmul, erms, ht, tsc, tscinvbit, tscinv

Memory: 4k page, physical 8281448k(1634732k free), swap 11727816k(252304k free)

vm_info: OpenJDK 64-Bit Server VM (25.76-b03) for windows-amd64 JRE (1.8.0_76-release-b03), built on Jun 29 2016 19:09:20 by "ralucas" with MS VC++ 10.0 (VS2010)

time: Sun Oct 30 18:25:28 2016
elapsed time: 10 seconds (0d 0h 0m 10s)

