#
# There is insufficient memory for the Java Runtime Environment to continue.
# Native memory allocation (malloc) failed to allocate 388656 bytes for Chunk::new
# Possible reasons:
#   The system is out of physical RAM or swap space
#   In 32 bit mode, the process size limit was hit
# Possible solutions:
#   Reduce memory load on the system
#   Increase physical memory or swap space
#   Check if swap backing store is full
#   Use 64 bit Java on a 64 bit OS
#   Decrease Java heap size (-Xmx/-Xms)
#   Decrease number of Java threads
#   Decrease Java thread stack sizes (-Xss)
#   Set larger code cache with -XX:ReservedCodeCacheSize=
# This output file may be truncated or incomplete.
#
#  Out of Memory Error (allocation.cpp:390), pid=4236, tid=0x0000000000001cb4
#
# JRE version: OpenJDK Runtime Environment (8.0_76-b03) (build 1.8.0_76-release-b03)
# Java VM: OpenJDK 64-Bit Server VM (25.76-b03 mixed mode windows-amd64 compressed oops)
# Failed to write core dump. Minidumps are not enabled by default on client versions of Windows
#

---------------  T H R E A D  ---------------

Current thread (0x00000000155ca800):  JavaThread "C2 CompilerThread0" daemon [_thread_in_native, id=7348, stack(0x0000000016c10000,0x0000000016d10000)]

Stack: [0x0000000016c10000,0x0000000016d10000]
[error occurred during error reporting (printing stack bounds), id 0xc0000005]

Native frames: (J=compiled Java code, j=interpreted, Vv=VM code, C=native code)


Current CompileTask:
C2:   2289 1356       4       com.android.dx.ssa.SCCP::simulateBranch (666 bytes)


---------------  P R O C E S S  ---------------

Java Threads: ( => current thread )
  0x000000001707b000 JavaThread "pool-1-thread-4" [_thread_in_vm, id=5388, stack(0x0000000017910000,0x0000000017a10000)]
  0x0000000017079800 JavaThread "pool-1-thread-3" [_thread_in_Java, id=6680, stack(0x0000000017810000,0x0000000017910000)]
  0x0000000017078800 JavaThread "pool-1-thread-2" [_thread_in_Java, id=3584, stack(0x0000000017710000,0x0000000017810000)]
  0x0000000017073800 JavaThread "pool-2-thread-1" [_thread_blocked, id=9204, stack(0x0000000017610000,0x0000000017710000)]
  0x0000000017073000 JavaThread "pool-1-thread-1" [_thread_in_Java, id=9164, stack(0x0000000017510000,0x0000000017610000)]
  0x0000000016e19800 JavaThread "Service Thread" daemon [_thread_blocked, id=7580, stack(0x0000000017310000,0x0000000017410000)]
  0x0000000016e17000 JavaThread "C1 CompilerThread2" daemon [_thread_in_vm, id=6612, stack(0x0000000017210000,0x0000000017310000)]
  0x0000000015627800 JavaThread "C2 CompilerThread1" daemon [_thread_in_native, id=7276, stack(0x0000000016d10000,0x0000000016e10000)]
=>0x00000000155ca800 JavaThread "C2 CompilerThread0" daemon [_thread_in_native, id=7348, stack(0x0000000016c10000,0x0000000016d10000)]
  0x00000000155c9000 JavaThread "Attach Listener" daemon [_thread_blocked, id=8496, stack(0x0000000016b10000,0x0000000016c10000)]
  0x00000000155c8000 JavaThread "Signal Dispatcher" daemon [_thread_blocked, id=3796, stack(0x0000000016a10000,0x0000000016b10000)]
  0x0000000002ef5000 JavaThread "Finalizer" daemon [_thread_blocked, id=6368, stack(0x0000000016830000,0x0000000016930000)]
  0x0000000002eef000 JavaThread "Reference Handler" daemon [_thread_blocked, id=5316, stack(0x0000000016730000,0x0000000016830000)]
  0x0000000002e00800 JavaThread "main" [_thread_in_vm, id=3172, stack(0x0000000002b10000,0x0000000002c10000)]

Other Threads:
  0x0000000015594800 VMThread [stack: 0x0000000016630000,0x0000000016730000] [id=8220]
  0x0000000016e1c000 WatcherThread [stack: 0x0000000017410000,0x0000000017510000] [id=7332]

VM state:not at safepoint (normal execution)

VM Mutex/Monitor currently owned by a thread: None

Heap:
 PSYoungGen      total 38400K, used 21207K [0x00000000eab00000, 0x00000000ed580000, 0x0000000100000000)
  eden space 33280K, 48% used [0x00000000eab00000,0x00000000ebab9da8,0x00000000ecb80000)
  from space 5120K, 99% used [0x00000000ecb80000,0x00000000ed07c088,0x00000000ed080000)
  to   space 5120K, 0% used [0x00000000ed080000,0x00000000ed080000,0x00000000ed580000)
 ParOldGen       total 87552K, used 890K [0x00000000c0000000, 0x00000000c5580000, 0x00000000eab00000)
  object space 87552K, 1% used [0x00000000c0000000,0x00000000c00debe0,0x00000000c5580000)
 Metaspace       used 6057K, capacity 7024K, committed 7296K, reserved 1056768K
  class space    used 575K, capacity 616K, committed 640K, reserved 1048576K

Card table byte_map: [0x00000000122c0000,0x00000000124d0000] byte_map_base: 0x0000000011cc0000

Marking Bits: (ParMarkBitMap*) 0x0000000060ef9d00
 Begin Bits: [0x0000000012a30000, 0x0000000013a30000)
 End Bits:   [0x0000000013a30000, 0x0000000014a30000)

Polling page: 0x00000000013c0000

CodeCache: size=245760Kb used=5657Kb max_used=5657Kb free=240102Kb
 bounds [0x0000000002f00000, 0x0000000003490000, 0x0000000011f00000]
 total_blobs=1663 nmethods=1395 adapters=181
 compilation: enabled

Compilation events (10 events):
Event: 2.281 Thread 0x0000000016e17000 nmethod 1396 0x00000000034804d0 code [0x0000000003480620, 0x0000000003480790]
Event: 2.281 Thread 0x0000000016e17000 1397       3       java.util.concurrent.locks.ReentrantLock::unlock (10 bytes)
Event: 2.282 Thread 0x0000000016e17000 nmethod 1397 0x000000000347fe10 code [0x000000000347ffa0, 0x0000000003480398]
Event: 2.282 Thread 0x0000000016e17000 1398       3       com.android.dx.ssa.SsaConverter::convertToSsaMethod (41 bytes)
Event: 2.283 Thread 0x0000000016e17000 nmethod 1398 0x000000000347ea10 code [0x000000000347ec60, 0x000000000347f808]
Event: 2.283 Thread 0x0000000016e17000 1403   !   3       com.android.dx.cf.code.BasicBlocker::doit (156 bytes)
Event: 2.285 Thread 0x0000000016e17000 nmethod 1403 0x0000000003485a10 code [0x0000000003485ca0, 0x0000000003487038]
Event: 2.285 Thread 0x0000000016e17000 1402       3       com.android.dx.ssa.LiteralOpUpgrader::process (14 bytes)
Event: 2.286 Thread 0x0000000016e17000 nmethod 1402 0x000000000347e0d0 code [0x000000000347e260, 0x000000000347e788]
Event: 2.286 Thread 0x0000000016e17000 1401   !   3       com.android.dx.cf.code.Ropper::convert (52 bytes)

GC Heap History (2 events):
Event: 1.849 GC heap before
{Heap before GC invocations=1 (full 0):
 PSYoungGen      total 38400K, used 33280K [0x00000000eab00000, 0x00000000ed580000, 0x0000000100000000)
  eden space 33280K, 100% used [0x00000000eab00000,0x00000000ecb80000,0x00000000ecb80000)
  from space 5120K, 0% used [0x00000000ed080000,0x00000000ed080000,0x00000000ed580000)
  to   space 5120K, 0% used [0x00000000ecb80000,0x00000000ecb80000,0x00000000ed080000)
 ParOldGen       total 87552K, used 0K [0x00000000c0000000, 0x00000000c5580000, 0x00000000eab00000)
  object space 87552K, 0% used [0x00000000c0000000,0x00000000c0000000,0x00000000c5580000)
 Metaspace       used 5898K, capacity 6896K, committed 7040K, reserved 1056768K
  class space    used 574K, capacity 616K, committed 640K, reserved 1048576K
Event: 1.860 GC heap after
Heap after GC invocations=1 (full 0):
 PSYoungGen      total 38400K, used 5104K [0x00000000eab00000, 0x00000000ed580000, 0x0000000100000000)
  eden space 33280K, 0% used [0x00000000eab00000,0x00000000eab00000,0x00000000ecb80000)
  from space 5120K, 99% used [0x00000000ecb80000,0x00000000ed07c088,0x00000000ed080000)
  to   space 5120K, 0% used [0x00000000ed080000,0x00000000ed080000,0x00000000ed580000)
 ParOldGen       total 87552K, used 890K [0x00000000c0000000, 0x00000000c5580000, 0x00000000eab00000)
  object space 87552K, 1% used [0x00000000c0000000,0x00000000c00debe0,0x00000000c5580000)
 Metaspace       used 5898K, capacity 6896K, committed 7040K, reserved 1056768K
  class space    used 574K, capacity 616K, committed 640K, reserved 1048576K
}

Deoptimization events (4 events):
Event: 0.957 Thread 0x0000000017073000 Uncommon trap: reason=unstable_if action=reinterpret pc=0x000000000311b390 method=java.util.HashMap.getNode(ILjava/lang/Object;)Ljava/util/HashMap$Node; @ 62
Event: 1.120 Thread 0x0000000017079800 Uncommon trap: reason=unstable_if action=reinterpret pc=0x00000000031a686c method=java.util.HashMap.getNode(ILjava/lang/Object;)Ljava/util/HashMap$Node; @ 129
Event: 1.305 Thread 0x0000000017079800 Uncommon trap: reason=unstable_if action=reinterpret pc=0x000000000315fbf4 method=java.util.BitSet.ensureCapacity(I)V @ 6
Event: 2.026 Thread 0x0000000017073000 Uncommon trap: reason=unstable_if action=reinterpret pc=0x00000000032bc8fc method=com.android.dx.util.IntList.binarysearch(I)I @ 105

Internal exceptions (2 events):
Event: 0.230 Thread 0x0000000002e00800 Exception <a 'java/lang/NoSuchMethodError': Method sun.misc.Unsafe.defineClass(Ljava/lang/String;[BII)Ljava/lang/Class; name or signature does not match> (0x00000000eab07cc0) thrown at [C:\src\android\AOSP-openjdk\external\jetbrains\jdk\hotspot\src\share\v”uI„fkÕ?
Event: 0.230 Thread 0x0000000002e00800 Exception <a 'java/lang/NoSuchMethodError': Method sun.misc.Unsafe.prefetchRead(Ljava/lang/Object;J)V name or signature does not match> (0x00000000eab07fa8) thrown at [C:\src\android\AOSP-openjdk\external\jetbrains\jdk\hotspot\src\share\vm\prims\jni.cpp, l

Events (10 events):
Event: 1.305 Thread 0x0000000017079800 DEOPT UNPACKING pc=0x0000000002f4556a sp=0x000000001790eb48 mode 2
Event: 1.600 Executing VM operation: ForceSafepoint
Event: 1.741 Executing VM operation: ForceSafepoint done
Event: 1.849 Executing VM operation: ParallelGCFailedAllocation
Event: 1.860 Executing VM operation: ParallelGCFailedAllocation done
Event: 2.024 loading class com/android/dx/cf/code/BytecodeArray$ConstantParserVisitor
Event: 2.025 loading class com/android/dx/cf/code/BytecodeArray$ConstantParserVisitor done
Event: 2.026 Thread 0x0000000017073000 Uncommon trap: trap_request=0xffffff65 fr.pc=0x00000000032bc8fc
Event: 2.026 Thread 0x0000000017073000 DEOPT PACKING pc=0x00000000032bc8fc sp=0x000000001760eac0
Event: 2.026 Thread 0x0000000017073000 DEOPT UNPACKING pc=0x0000000002f4556a sp=0x000000001760ea38 mode 2


Dynamic libraries:
0x00007ff688340000 - 0x00007ff688371000 	C:\Program Files\Android\Android Studio\jre\bin\java.exe
0x00007ff97d740000 - 0x00007ff97d902000 	C:\WINDOWS\SYSTEM32\ntdll.dll
0x00007ff97d270000 - 0x00007ff97d31d000 	C:\WINDOWS\system32\KERNEL32.DLL
0x00007ff97a2d0000 - 0x00007ff97a4ad000 	C:\WINDOWS\system32\KERNELBASE.dll
0x00007ff97d5f0000 - 0x00007ff97d696000 	C:\WINDOWS\system32\ADVAPI32.dll
0x00007ff97cb50000 - 0x00007ff97cbed000 	C:\WINDOWS\system32\msvcrt.dll
0x00007ff97cbf0000 - 0x00007ff97cc4b000 	C:\WINDOWS\system32\sechost.dll
0x00007ff97ca10000 - 0x00007ff97cb36000 	C:\WINDOWS\system32\RPCRT4.dll
0x00007ff97d3d0000 - 0x00007ff97d51e000 	C:\WINDOWS\system32\USER32.dll
0x00007ff97afd0000 - 0x00007ff97b155000 	C:\WINDOWS\system32\GDI32.dll
0x00007ff9725d0000 - 0x00007ff972844000 	C:\WINDOWS\WinSxS\amd64_microsoft.windows.common-controls_6595b64144ccf1df_6.0.10240.16384_none_f41f7b285750ef43\COMCTL32.dll
0x00007ff97d700000 - 0x00007ff97d736000 	C:\WINDOWS\system32\IMM32.DLL
0x00007ff97c7f0000 - 0x00007ff97c94c000 	C:\WINDOWS\system32\MSCTF.dll
0x0000000061aa0000 - 0x0000000061b72000 	C:\Program Files\Android\Android Studio\jre\jre\bin\msvcr100.dll
0x0000000060740000 - 0x0000000060f74000 	C:\Program Files\Android\Android Studio\jre\jre\bin\server\jvm.dll
0x00007ff97ae10000 - 0x00007ff97ae18000 	C:\WINDOWS\system32\PSAPI.DLL
0x00007ff972860000 - 0x00007ff972869000 	C:\WINDOWS\SYSTEM32\WSOCK32.dll
0x00007ff97c770000 - 0x00007ff97c7d9000 	C:\WINDOWS\system32\WS2_32.dll
0x00007ff97cb40000 - 0x00007ff97cb48000 	C:\WINDOWS\system32\NSI.dll
0x00007ff972970000 - 0x00007ff972993000 	C:\WINDOWS\SYSTEM32\WINMM.dll
0x00007ff971440000 - 0x00007ff97144a000 	C:\WINDOWS\SYSTEM32\VERSION.dll
0x00007ff972940000 - 0x00007ff97296c000 	C:\WINDOWS\SYSTEM32\WINMMBASE.dll
0x00007ff97a510000 - 0x00007ff97a554000 	C:\WINDOWS\system32\cfgmgr32.dll
0x00007ff978b00000 - 0x00007ff978b27000 	C:\WINDOWS\SYSTEM32\DEVOBJ.dll
0x00007ff974a30000 - 0x00007ff974a3f000 	C:\Program Files\Android\Android Studio\jre\jre\bin\verify.dll
0x00007ff96a170000 - 0x00007ff96a199000 	C:\Program Files\Android\Android Studio\jre\jre\bin\java.dll
0x00007ff969940000 - 0x00007ff969956000 	C:\Program Files\Android\Android Studio\jre\jre\bin\zip.dll
0x00007ff97b160000 - 0x00007ff97c685000 	C:\WINDOWS\system32\SHELL32.dll
0x00007ff97a560000 - 0x00007ff97ab88000 	C:\WINDOWS\system32\windows.storage.dll
0x00007ff97cc50000 - 0x00007ff97cecc000 	C:\WINDOWS\system32\combase.dll
0x00007ff97d1f0000 - 0x00007ff97d241000 	C:\WINDOWS\system32\shlwapi.dll
0x00007ff97a200000 - 0x00007ff97a20f000 	C:\WINDOWS\system32\kernel.appcore.dll
0x00007ff97a210000 - 0x00007ff97a2c3000 	C:\WINDOWS\system32\shcore.dll
0x00007ff97a1b0000 - 0x00007ff97a1fa000 	C:\WINDOWS\system32\powrprof.dll
0x00007ff97a170000 - 0x00007ff97a183000 	C:\WINDOWS\system32\profapi.dll

VM Arguments:
jvm_args: -Djava.awt.headless=true -Xmx1024M -Dfile.encoding=windows-1252 -Duser.country=US -Duser.language=en -Duser.variant 
java_command: com.android.dx.command.Main --dex --num-threads=4 --output C:\Users\Akano\Desktop\SlidingMenu1\app\build\intermediates\pre-dexed\debug\com.google.android.gms-play-services-base-9.0.2_d1c0fd2f0e6e1195d7ccd9b52c51a0c2fac21550.jar C:\Users\Akano\Desktop\SlidingMenu1\app\build\intermediates\exploded-aar\com.google.android.gms\play-services-base\9.0.2\jars\classes.jar
java_class_path (initial): C:\Android\sdk\build-tools\25.0.0\lib\dx.jar
Launcher Type: SUN_STANDARD

Environment Variables:
PATH=C:\ProgramData\Oracle\Java\javapath;C:\WINDOWS\system32;C:\WINDOWS;C:\WINDOWS\System32\Wbem;C:\WINDOWS\System32\WindowsPowerShell\v1.0\;C:\Program Files (x86)\Android\android-sdk\platform-tools\;C:\Program Files (x86)\Tesseract-OCR
USERNAME=Akano
OS=Windows_NT
PROCESSOR_IDENTIFIER=Intel64 Family 6 Model 58 Stepping 9, GenuineIntel



---------------  S Y S T E M  ---------------

OS: Windows 10.0 , 64 bit Build 10240 (10.0.10240.16384)

CPU:total 4 (2 cores per cpu, 2 threads per core) family 6 model 58 stepping 9, cmov, cx8, fxsr, mmx, sse, sse2, sse3, ssse3, sse4.1, sse4.2, popcnt, avx, clmul, erms, ht, tsc, tscinvbit, tscinv

Memory: 4k page, physical 8281448k(1642532k free), swap 11485260k(5020k free)

vm_info: OpenJDK 64-Bit Server VM (25.76-b03) for windows-amd64 JRE (1.8.0_76-release-b03), built on Jun 29 2016 19:09:20 by "ralucas" with MS VC++ 10.0 (VS2010)

time: Sun Oct 30 18:23:04 2016
elapsed time: 2 seconds (0d 0h 0m 2s)

