#
# There is insufficient memory for the Java Runtime Environment to continue.
# Native memory allocation (malloc) failed to allocate 228656 bytes for Chunk::new
# Possible reasons:
#   The system is out of physical RAM or swap space
#   In 32 bit mode, the process size limit was hit
# Possible solutions:
#   Reduce memory load on the system
#   Increase physical memory or swap space
#   Check if swap backing store is full
#   Use 64 bit Java on a 64 bit OS
#   Decrease Java heap size (-Xmx/-Xms)
#   Decrease number of Java threads
#   Decrease Java thread stack sizes (-Xss)
#   Set larger code cache with -XX:ReservedCodeCacheSize=
# This output file may be truncated or incomplete.
#
#  Out of Memory Error (allocation.cpp:390), pid=7148, tid=0x0000000000001858
#
# JRE version: OpenJDK Runtime Environment (8.0_76-b03) (build 1.8.0_76-release-b03)
# Java VM: OpenJDK 64-Bit Server VM (25.76-b03 mixed mode windows-amd64 compressed oops)
# Failed to write core dump. Minidumps are not enabled by default on client versions of Windows
#

---------------  T H R E A D  ---------------

Current thread (0x000000001572a800):  JavaThread "C2 CompilerThread0" daemon [_thread_in_native, id=6232, stack(0x0000000016d70000,0x0000000016e70000)]

Stack: [0x0000000016d70000,0x0000000016e70000]
[error occurred during error reporting (printing stack bounds), id 0xc0000005]

Native frames: (J=compiled Java code, j=interpreted, Vv=VM code, C=native code)


Current CompileTask:
C2:   4027 1191       4       com.android.dx.ssa.LiteralOpUpgrader$1::visitNonMoveInsn (203 bytes)


---------------  P R O C E S S  ---------------

Java Threads: ( => current thread )
  0x00000000172cc000 JavaThread "pool-1-thread-4" [_thread_in_Java, id=8432, stack(0x0000000017a70000,0x0000000017b70000)]
  0x00000000172c9800 JavaThread "pool-1-thread-3" [_thread_in_Java, id=8556, stack(0x0000000017970000,0x0000000017a70000)]
  0x00000000172c8800 JavaThread "pool-1-thread-2" [_thread_in_Java, id=4956, stack(0x0000000017870000,0x0000000017970000)]
  0x00000000172c6000 JavaThread "pool-2-thread-1" [_thread_blocked, id=764, stack(0x0000000017770000,0x0000000017870000)]
  0x00000000172c0800 JavaThread "pool-1-thread-1" [_thread_in_Java, id=972, stack(0x0000000017670000,0x0000000017770000)]
  0x0000000017070800 JavaThread "Service Thread" daemon [_thread_blocked, id=1412, stack(0x0000000017470000,0x0000000017570000)]
  0x000000001578a000 JavaThread "C1 CompilerThread2" daemon [_thread_in_native, id=2096, stack(0x0000000016f70000,0x0000000017070000)]
  0x000000001577f800 JavaThread "C2 CompilerThread1" daemon [_thread_in_native, id=1432, stack(0x0000000016e70000,0x0000000016f70000)]
=>0x000000001572a800 JavaThread "C2 CompilerThread0" daemon [_thread_in_native, id=6232, stack(0x0000000016d70000,0x0000000016e70000)]
  0x0000000015729000 JavaThread "Attach Listener" daemon [_thread_blocked, id=3056, stack(0x0000000016c70000,0x0000000016d70000)]
  0x0000000015728000 JavaThread "Signal Dispatcher" daemon [_thread_blocked, id=3020, stack(0x0000000016b70000,0x0000000016c70000)]
  0x0000000003055000 JavaThread "Finalizer" daemon [_thread_blocked, id=4520, stack(0x0000000016990000,0x0000000016a90000)]
  0x000000000304f000 JavaThread "Reference Handler" daemon [_thread_blocked, id=7472, stack(0x0000000016890000,0x0000000016990000)]
  0x0000000002f60800 JavaThread "main" [_thread_in_Java, id=5852, stack(0x0000000002e60000,0x0000000002f60000)]

Other Threads:
  0x00000000156f4800 VMThread [stack: 0x0000000016790000,0x0000000016890000] [id=4236]
  0x0000000017072800 WatcherThread [stack: 0x0000000017570000,0x0000000017670000] [id=5440]

VM state:not at safepoint (normal execution)

VM Mutex/Monitor currently owned by a thread: None

Heap:
 PSYoungGen      total 38400K, used 15106K [0x00000000eab00000, 0x00000000ed580000, 0x0000000100000000)
  eden space 33280K, 30% used [0x00000000eab00000,0x00000000eb4c38d0,0x00000000ecb80000)
  from space 5120K, 99% used [0x00000000ecb80000,0x00000000ed07d1c0,0x00000000ed080000)
  to   space 5120K, 0% used [0x00000000ed080000,0x00000000ed080000,0x00000000ed580000)
 ParOldGen       total 87552K, used 658K [0x00000000c0000000, 0x00000000c5580000, 0x00000000eab00000)
  object space 87552K, 0% used [0x00000000c0000000,0x00000000c00a49e8,0x00000000c5580000)
 Metaspace       used 5941K, capacity 6896K, committed 7040K, reserved 1056768K
  class space    used 575K, capacity 616K, committed 640K, reserved 1048576K

Card table byte_map: [0x0000000012420000,0x0000000012630000] byte_map_base: 0x0000000011e20000

Marking Bits: (ParMarkBitMap*) 0x0000000060ef9d00
 Begin Bits: [0x0000000012b90000, 0x0000000013b90000)
 End Bits:   [0x0000000013b90000, 0x0000000014b90000)

Polling page: 0x00000000012a0000

CodeCache: size=245760Kb used=4685Kb max_used=4685Kb free=241074Kb
 bounds [0x0000000003060000, 0x0000000003500000, 0x0000000012060000]
 total_blobs=1481 nmethods=1214 adapters=181
 compilation: enabled

Compilation events (10 events):
Event: 3.931 Thread 0x000000001578a000 1187       3       com.android.dx.ssa.SsaMethod$2::visitPhiInsn (6 bytes)
Event: 3.931 Thread 0x000000001578a000 nmethod 1187 0x00000000034cd390 code [0x00000000034cd500, 0x00000000034cd688]
Event: 3.957 Thread 0x000000001572a800 nmethod 1186 0x00000000034d3990 code [0x00000000034d3b40, 0x00000000034d4578]
Event: 3.957 Thread 0x000000001578a000 1188       3       com.android.dx.ssa.SsaMethod$1::visitPhiInsn (17 bytes)
Event: 3.957 Thread 0x000000001578a000 nmethod 1188 0x00000000034cf450 code [0x00000000034cf5c0, 0x00000000034cf9b0]
Event: 3.958 Thread 0x000000001578a000 1189       3       com.android.dx.ssa.SCCP::run (298 bytes)
Event: 3.960 Thread 0x000000001578a000 nmethod 1189 0x00000000034d7090 code [0x00000000034d7460, 0x00000000034d93c8]
Event: 3.961 Thread 0x000000001578a000 1190       3       com.android.dx.ssa.SsaMethod::onInsnRemoved (43 bytes)
Event: 3.961 Thread 0x000000001572a800 1191       4       com.android.dx.ssa.LiteralOpUpgrader$1::visitNonMoveInsn (203 bytes)
Event: 3.961 Thread 0x000000001578a000 nmethod 1190 0x00000000034ceb10 code [0x00000000034ceca0, 0x00000000034cf258]

GC Heap History (2 events):
Event: 3.626 GC heap before
{Heap before GC invocations=1 (full 0):
 PSYoungGen      total 38400K, used 33280K [0x00000000eab00000, 0x00000000ed580000, 0x0000000100000000)
  eden space 33280K, 100% used [0x00000000eab00000,0x00000000ecb80000,0x00000000ecb80000)
  from space 5120K, 0% used [0x00000000ed080000,0x00000000ed080000,0x00000000ed580000)
  to   space 5120K, 0% used [0x00000000ecb80000,0x00000000ecb80000,0x00000000ed080000)
 ParOldGen       total 87552K, used 0K [0x00000000c0000000, 0x00000000c5580000, 0x00000000eab00000)
  object space 87552K, 0% used [0x00000000c0000000,0x00000000c0000000,0x00000000c5580000)
 Metaspace       used 5851K, capacity 6832K, committed 7040K, reserved 1056768K
  class space    used 575K, capacity 616K, committed 640K, reserved 1048576K
Event: 3.658 GC heap after
Heap after GC invocations=1 (full 0):
 PSYoungGen      total 38400K, used 5108K [0x00000000eab00000, 0x00000000ed580000, 0x0000000100000000)
  eden space 33280K, 0% used [0x00000000eab00000,0x00000000eab00000,0x00000000ecb80000)
  from space 5120K, 99% used [0x00000000ecb80000,0x00000000ed07d1c0,0x00000000ed080000)
  to   space 5120K, 0% used [0x00000000ed080000,0x00000000ed080000,0x00000000ed580000)
 ParOldGen       total 87552K, used 658K [0x00000000c0000000, 0x00000000c5580000, 0x00000000eab00000)
  object space 87552K, 0% used [0x00000000c0000000,0x00000000c00a49e8,0x00000000c5580000)
 Metaspace       used 5851K, capacity 6832K, committed 7040K, reserved 1056768K
  class space    used 575K, capacity 616K, committed 640K, reserved 1048576K
}

Deoptimization events (2 events):
Event: 1.825 Thread 0x0000000002f60800 Uncommon trap: reason=unstable_if action=reinterpret pc=0x00000000031ae150 method=java.lang.String.indexOf(II)I @ 49
Event: 3.029 Thread 0x0000000002f60800 Uncommon trap: reason=unstable_if action=reinterpret pc=0x0000000003284eb0 method=java.util.BitSet.nextSetBit(I)I @ 87

Internal exceptions (2 events):
Event: 0.126 Thread 0x0000000002f60800 Exception <a 'java/lang/NoSuchMethodError': Method sun.misc.Unsafe.defineClass(Ljava/lang/String;[BII)Ljava/lang/Class; name or signature does not match> (0x00000000eab07cc0) thrown at [C:\src\android\AOSP-openjdk\external\jetbrains\jdk\hotspot\src\share\vÆ?ÿ.À?
Event: 0.126 Thread 0x0000000002f60800 Exception <a 'java/lang/NoSuchMethodError': Method sun.misc.Unsafe.prefetchRead(Ljava/lang/Object;J)V name or signature does not match> (0x00000000eab07fa8) thrown at [C:\src\android\AOSP-openjdk\external\jetbrains\jdk\hotspot\src\share\vm\prims\jni.cpp, l

Events (10 events):
Event: 3.203 loading class com/android/dx/dex/file/UniformListItem
Event: 3.203 loading class com/android/dx/dex/file/UniformListItem done
Event: 3.204 loading class com/android/dx/dex/file/AnnotationSetRefItem
Event: 3.204 loading class com/android/dx/dex/file/AnnotationSetRefItem done
Event: 3.390 Executing VM operation: ForceSafepoint
Event: 3.390 Executing VM operation: ForceSafepoint done
Event: 3.623 Executing VM operation: ParallelGCFailedAllocation
Event: 3.658 Executing VM operation: ParallelGCFailedAllocation done
Event: 3.994 Thread 0x00000000172cc000 DEOPT PACKING pc=0x000000000335fa25 sp=0x0000000017b6e9d0
Event: 3.994 Thread 0x00000000172cc000 DEOPT UNPACKING pc=0x00000000030a75bf sp=0x0000000017b6e7b0 mode 0


Dynamic libraries:
0x00007ff688340000 - 0x00007ff688371000 	C:\Program Files\Android\Android Studio\jre\bin\java.exe
0x00007ff97d740000 - 0x00007ff97d902000 	C:\WINDOWS\SYSTEM32\ntdll.dll
0x00007ff97d270000 - 0x00007ff97d31d000 	C:\WINDOWS\system32\KERNEL32.DLL
0x00007ff97a2d0000 - 0x00007ff97a4ad000 	C:\WINDOWS\system32\KERNELBASE.dll
0x00007ff97d5f0000 - 0x00007ff97d696000 	C:\WINDOWS\system32\ADVAPI32.dll
0x00007ff97cb50000 - 0x00007ff97cbed000 	C:\WINDOWS\system32\msvcrt.dll
0x00007ff97cbf0000 - 0x00007ff97cc4b000 	C:\WINDOWS\system32\sechost.dll
0x00007ff97ca10000 - 0x00007ff97cb36000 	C:\WINDOWS\system32\RPCRT4.dll
0x00007ff97d3d0000 - 0x00007ff97d51e000 	C:\WINDOWS\system32\USER32.dll
0x00007ff97afd0000 - 0x00007ff97b155000 	C:\WINDOWS\system32\GDI32.dll
0x00007ff9725d0000 - 0x00007ff972844000 	C:\WINDOWS\WinSxS\amd64_microsoft.windows.common-controls_6595b64144ccf1df_6.0.10240.16384_none_f41f7b285750ef43\COMCTL32.dll
0x00007ff97d700000 - 0x00007ff97d736000 	C:\WINDOWS\system32\IMM32.DLL
0x00007ff97c7f0000 - 0x00007ff97c94c000 	C:\WINDOWS\system32\MSCTF.dll
0x0000000061aa0000 - 0x0000000061b72000 	C:\Program Files\Android\Android Studio\jre\jre\bin\msvcr100.dll
0x0000000060740000 - 0x0000000060f74000 	C:\Program Files\Android\Android Studio\jre\jre\bin\server\jvm.dll
0x00007ff97ae10000 - 0x00007ff97ae18000 	C:\WINDOWS\system32\PSAPI.DLL
0x00007ff972860000 - 0x00007ff972869000 	C:\WINDOWS\SYSTEM32\WSOCK32.dll
0x00007ff97c770000 - 0x00007ff97c7d9000 	C:\WINDOWS\system32\WS2_32.dll
0x00007ff97cb40000 - 0x00007ff97cb48000 	C:\WINDOWS\system32\NSI.dll
0x00007ff972970000 - 0x00007ff972993000 	C:\WINDOWS\SYSTEM32\WINMM.dll
0x00007ff971440000 - 0x00007ff97144a000 	C:\WINDOWS\SYSTEM32\VERSION.dll
0x00007ff972940000 - 0x00007ff97296c000 	C:\WINDOWS\SYSTEM32\WINMMBASE.dll
0x00007ff97a510000 - 0x00007ff97a554000 	C:\WINDOWS\system32\cfgmgr32.dll
0x00007ff978b00000 - 0x00007ff978b27000 	C:\WINDOWS\SYSTEM32\DEVOBJ.dll
0x00007ff974a30000 - 0x00007ff974a3f000 	C:\Program Files\Android\Android Studio\jre\jre\bin\verify.dll
0x00007ff96a170000 - 0x00007ff96a199000 	C:\Program Files\Android\Android Studio\jre\jre\bin\java.dll
0x00007ff969940000 - 0x00007ff969956000 	C:\Program Files\Android\Android Studio\jre\jre\bin\zip.dll
0x00007ff97b160000 - 0x00007ff97c685000 	C:\WINDOWS\system32\SHELL32.dll
0x00007ff97a560000 - 0x00007ff97ab88000 	C:\WINDOWS\system32\windows.storage.dll
0x00007ff97cc50000 - 0x00007ff97cecc000 	C:\WINDOWS\system32\combase.dll
0x00007ff97d1f0000 - 0x00007ff97d241000 	C:\WINDOWS\system32\shlwapi.dll
0x00007ff97a200000 - 0x00007ff97a20f000 	C:\WINDOWS\system32\kernel.appcore.dll
0x00007ff97a210000 - 0x00007ff97a2c3000 	C:\WINDOWS\system32\shcore.dll
0x00007ff97a1b0000 - 0x00007ff97a1fa000 	C:\WINDOWS\system32\powrprof.dll
0x00007ff97a170000 - 0x00007ff97a183000 	C:\WINDOWS\system32\profapi.dll

VM Arguments:
jvm_args: -Djava.awt.headless=true -Xmx1024M -Dfile.encoding=windows-1252 -Duser.country=US -Duser.language=en -Duser.variant 
java_command: com.android.dx.command.Main --dex --num-threads=4 --output C:\Users\Akano\Desktop\SlidingMenu1\app\build\intermediates\pre-dexed\debug\com.google.android.gms-play-services-basement-9.0.2_94d5d2dd011d2dbd9b1723c04d842d9c377abc97.jar C:\Users\Akano\Desktop\SlidingMenu1\app\build\intermediates\exploded-aar\com.google.android.gms\play-services-basement\9.0.2\jars\classes.jar
java_class_path (initial): C:\Android\sdk\build-tools\25.0.0\lib\dx.jar
Launcher Type: SUN_STANDARD

Environment Variables:
PATH=C:\ProgramData\Oracle\Java\javapath;C:\WINDOWS\system32;C:\WINDOWS;C:\WINDOWS\System32\Wbem;C:\WINDOWS\System32\WindowsPowerShell\v1.0\;C:\Program Files (x86)\Android\android-sdk\platform-tools\;C:\Program Files (x86)\Tesseract-OCR
USERNAME=Akano
OS=Windows_NT
PROCESSOR_IDENTIFIER=Intel64 Family 6 Model 58 Stepping 9, GenuineIntel



---------------  S Y S T E M  ---------------

OS: Windows 10.0 , 64 bit Build 10240 (10.0.10240.16384)

CPU:total 4 (2 cores per cpu, 2 threads per core) family 6 model 58 stepping 9, cmov, cx8, fxsr, mmx, sse, sse2, sse3, ssse3, sse4.1, sse4.2, popcnt, avx, clmul, erms, ht, tsc, tscinvbit, tscinv

Memory: 4k page, physical 8281448k(1631524k free), swap 11485260k(4336k free)

vm_info: OpenJDK 64-Bit Server VM (25.76-b03) for windows-amd64 JRE (1.8.0_76-release-b03), built on Jun 29 2016 19:09:20 by "ralucas" with MS VC++ 10.0 (VS2010)

time: Sun Oct 30 18:22:53 2016
elapsed time: 4 seconds (0d 0h 0m 4s)

