#
# There is insufficient memory for the Java Runtime Environment to continue.
# Native memory allocation (malloc) failed to allocate 1771376 bytes for Chunk::new
# Possible reasons:
#   The system is out of physical RAM or swap space
#   In 32 bit mode, the process size limit was hit
# Possible solutions:
#   Reduce memory load on the system
#   Increase physical memory or swap space
#   Check if swap backing store is full
#   Use 64 bit Java on a 64 bit OS
#   Decrease Java heap size (-Xmx/-Xms)
#   Decrease number of Java threads
#   Decrease Java thread stack sizes (-Xss)
#   Set larger code cache with -XX:ReservedCodeCacheSize=
# This output file may be truncated or incomplete.
#
#  Out of Memory Error (allocation.cpp:390), pid=8488, tid=0x0000000000001a98
#
# JRE version: OpenJDK Runtime Environment (8.0_76-b03) (build 1.8.0_76-release-b03)
# Java VM: OpenJDK 64-Bit Server VM (25.76-b03 mixed mode windows-amd64 compressed oops)
# Failed to write core dump. Minidumps are not enabled by default on client versions of Windows
#

---------------  T H R E A D  ---------------

Current thread (0x000000001511f800):  JavaThread "C2 CompilerThread1" daemon [_thread_in_native, id=6808, stack(0x0000000016810000,0x0000000016910000)]

Stack: [0x0000000016810000,0x0000000016910000]
[error occurred during error reporting (printing stack bounds), id 0xc0000005]

Native frames: (J=compiled Java code, j=interpreted, Vv=VM code, C=native code)


Current CompileTask:
C2:   8662 1806   !   4       com.android.dx.cf.code.RopperMachine::run (1550 bytes)


---------------  P R O C E S S  ---------------

Java Threads: ( => current thread )
  0x0000000016d33000 JavaThread "pool-1-thread-4" [_thread_in_Java, id=4272, stack(0x0000000017410000,0x0000000017510000)]
  0x0000000016d32800 JavaThread "pool-1-thread-3" [_thread_blocked, id=3868, stack(0x0000000017310000,0x0000000017410000)]
  0x0000000016d31000 JavaThread "pool-1-thread-2" [_thread_blocked, id=7252, stack(0x0000000017210000,0x0000000017310000)]
  0x0000000016c7b800 JavaThread "pool-2-thread-1" [_thread_blocked, id=8940, stack(0x0000000017110000,0x0000000017210000)]
  0x0000000016c7b000 JavaThread "pool-1-thread-1" [_thread_blocked, id=1692, stack(0x0000000017010000,0x0000000017110000)]
  0x0000000016a12800 JavaThread "Service Thread" daemon [_thread_blocked, id=4432, stack(0x0000000016e10000,0x0000000016f10000)]
  0x000000001512a800 JavaThread "C1 CompilerThread2" daemon [_thread_blocked, id=6116, stack(0x0000000016910000,0x0000000016a10000)]
=>0x000000001511f800 JavaThread "C2 CompilerThread1" daemon [_thread_in_native, id=6808, stack(0x0000000016810000,0x0000000016910000)]
  0x00000000150d6000 JavaThread "C2 CompilerThread0" daemon [_thread_in_native, id=5412, stack(0x0000000016710000,0x0000000016810000)]
  0x00000000150d5000 JavaThread "Attach Listener" daemon [_thread_blocked, id=8180, stack(0x0000000016610000,0x0000000016710000)]
  0x00000000150d3800 JavaThread "Signal Dispatcher" daemon [_thread_blocked, id=5272, stack(0x0000000016510000,0x0000000016610000)]
  0x00000000029d5000 JavaThread "Finalizer" daemon [_thread_blocked, id=880, stack(0x0000000016320000,0x0000000016420000)]
  0x00000000029cf000 JavaThread "Reference Handler" daemon [_thread_blocked, id=2832, stack(0x0000000016220000,0x0000000016320000)]
  0x00000000028e0800 JavaThread "main" [_thread_blocked, id=564, stack(0x00000000026b0000,0x00000000027b0000)]

Other Threads:
  0x0000000015094000 VMThread [stack: 0x0000000016120000,0x0000000016220000] [id=7336]
  0x0000000016a14800 WatcherThread [stack: 0x0000000016f10000,0x0000000017010000] [id=2176]

VM state:not at safepoint (normal execution)

VM Mutex/Monitor currently owned by a thread: None

Heap:
 PSYoungGen      total 71680K, used 50598K [0x00000000eab00000, 0x00000000f4b00000, 0x0000000100000000)
  eden space 66560K, 68% used [0x00000000eab00000,0x00000000ed76fe00,0x00000000eec00000)
  from space 5120K, 99% used [0x00000000eec00000,0x00000000ef0f9a30,0x00000000ef100000)
  to   space 15360K, 0% used [0x00000000f3c00000,0x00000000f3c00000,0x00000000f4b00000)
 ParOldGen       total 87552K, used 24920K [0x00000000c0000000, 0x00000000c5580000, 0x00000000eab00000)
  object space 87552K, 28% used [0x00000000c0000000,0x00000000c18563a0,0x00000000c5580000)
 Metaspace       used 6387K, capacity 7154K, committed 7296K, reserved 1056768K
  class space    used 598K, capacity 618K, committed 640K, reserved 1048576K

Card table byte_map: [0x0000000011da0000,0x0000000011fb0000] byte_map_base: 0x00000000117a0000

Marking Bits: (ParMarkBitMap*) 0x0000000060ef9d00
 Begin Bits: [0x0000000012510000, 0x0000000013510000)
 End Bits:   [0x0000000013510000, 0x0000000014510000)

Polling page: 0x0000000002670000

CodeCache: size=245760Kb used=7950Kb max_used=7950Kb free=237809Kb
 bounds [0x00000000029e0000, 0x00000000031b0000, 0x00000000119e0000]
 total_blobs=2107 nmethods=1838 adapters=182
 compilation: enabled

Compilation events (10 events):
Event: 8.514 Thread 0x000000001512a800 1883   !   2       com.android.dx.cf.attrib.AttInnerClasses::<init> (43 bytes)
Event: 8.515 Thread 0x000000001512a800 nmethod 1883 0x00000000031a3510 code [0x00000000031a36a0, 0x00000000031a39b8]
Event: 8.515 Thread 0x000000001512a800 1884       2       com.android.dx.cf.attrib.AttInnerClasses::byteLength (14 bytes)
Event: 8.515 Thread 0x000000001512a800 nmethod 1884 0x00000000031a3bd0 code [0x00000000031a3d20, 0x00000000031a3e90]
Event: 8.516 Thread 0x000000001512a800 1885       3       java.util.HashMap::getNode (148 bytes)
Event: 8.518 Thread 0x000000001512a800 nmethod 1885 0x00000000031a3f50 code [0x00000000031a4140, 0x00000000031a4da8]
Event: 8.527 Thread 0x000000001512a800 1886       3       com.android.dx.dex.cf.CfTranslator::translate0 (259 bytes)
Event: 8.532 Thread 0x000000001512a800 nmethod 1886 0x00000000031a5250 code [0x00000000031a56e0, 0x00000000031a85b8]
Event: 8.536 Thread 0x000000001512a800 1887       1       com.android.dx.rop.cst.CstType::getType (4 bytes)
Event: 8.536 Thread 0x000000001512a800 nmethod 1887 0x00000000031aa3d0 code [0x00000000031aa520, 0x00000000031aa630]

GC Heap History (10 events):
Event: 4.748 GC heap before
{Heap before GC invocations=1 (full 0):
 PSYoungGen      total 38400K, used 33280K [0x00000000eab00000, 0x00000000ed580000, 0x0000000100000000)
  eden space 33280K, 100% used [0x00000000eab00000,0x00000000ecb80000,0x00000000ecb80000)
  from space 5120K, 0% used [0x00000000ed080000,0x00000000ed080000,0x00000000ed580000)
  to   space 5120K, 0% used [0x00000000ecb80000,0x00000000ecb80000,0x00000000ed080000)
 ParOldGen       total 87552K, used 0K [0x00000000c0000000, 0x00000000c5580000, 0x00000000eab00000)
  object space 87552K, 0% used [0x00000000c0000000,0x00000000c0000000,0x00000000c5580000)
 Metaspace       used 5965K, capacity 6960K, committed 7040K, reserved 1056768K
  class space    used 578K, capacity 616K, committed 640K, reserved 1048576K
Event: 4.764 GC heap after
Heap after GC invocations=1 (full 0):
 PSYoungGen      total 38400K, used 5108K [0x00000000eab00000, 0x00000000ed580000, 0x0000000100000000)
  eden space 33280K, 0% used [0x00000000eab00000,0x00000000eab00000,0x00000000ecb80000)
  from space 5120K, 99% used [0x00000000ecb80000,0x00000000ed07d280,0x00000000ed080000)
  to   space 5120K, 0% used [0x00000000ed080000,0x00000000ed080000,0x00000000ed580000)
 ParOldGen       total 87552K, used 1238K [0x00000000c0000000, 0x00000000c5580000, 0x00000000eab00000)
  object space 87552K, 1% used [0x00000000c0000000,0x00000000c0135948,0x00000000c5580000)
 Metaspace       used 5965K, capacity 6960K, committed 7040K, reserved 1056768K
  class space    used 578K, capacity 616K, committed 640K, reserved 1048576K
}
Event: 5.399 GC heap before
{Heap before GC invocations=2 (full 0):
 PSYoungGen      total 38400K, used 38388K [0x00000000eab00000, 0x00000000ed580000, 0x0000000100000000)
  eden space 33280K, 100% used [0x00000000eab00000,0x00000000ecb80000,0x00000000ecb80000)
  from space 5120K, 99% used [0x00000000ecb80000,0x00000000ed07d280,0x00000000ed080000)
  to   space 5120K, 0% used [0x00000000ed080000,0x00000000ed080000,0x00000000ed580000)
 ParOldGen       total 87552K, used 1238K [0x00000000c0000000, 0x00000000c5580000, 0x00000000eab00000)
  object space 87552K, 1% used [0x00000000c0000000,0x00000000c0135948,0x00000000c5580000)
 Metaspace       used 6137K, capacity 7088K, committed 7296K, reserved 1056768K
  class space    used 579K, capacity 616K, committed 640K, reserved 1048576K
Event: 5.428 GC heap after
Heap after GC invocations=2 (full 0):
 PSYoungGen      total 38400K, used 5111K [0x00000000eab00000, 0x00000000ef600000, 0x0000000100000000)
  eden space 33280K, 0% used [0x00000000eab00000,0x00000000eab00000,0x00000000ecb80000)
  from space 5120K, 99% used [0x00000000ed080000,0x00000000ed57dd08,0x00000000ed580000)
  to   space 5120K, 0% used [0x00000000ecb80000,0x00000000ecb80000,0x00000000ed080000)
 ParOldGen       total 87552K, used 5777K [0x00000000c0000000, 0x00000000c5580000, 0x00000000eab00000)
  object space 87552K, 6% used [0x00000000c0000000,0x00000000c05a47c8,0x00000000c5580000)
 Metaspace       used 6137K, capacity 7088K, committed 7296K, reserved 1056768K
  class space    used 579K, capacity 616K, committed 640K, reserved 1048576K
}
Event: 6.361 GC heap before
{Heap before GC invocations=3 (full 0):
 PSYoungGen      total 38400K, used 38391K [0x00000000eab00000, 0x00000000ef600000, 0x0000000100000000)
  eden space 33280K, 100% used [0x00000000eab00000,0x00000000ecb80000,0x00000000ecb80000)
  from space 5120K, 99% used [0x00000000ed080000,0x00000000ed57dd08,0x00000000ed580000)
  to   space 5120K, 0% used [0x00000000ecb80000,0x00000000ecb80000,0x00000000ed080000)
 ParOldGen       total 87552K, used 5777K [0x00000000c0000000, 0x00000000c5580000, 0x00000000eab00000)
  object space 87552K, 6% used [0x00000000c0000000,0x00000000c05a47c8,0x00000000c5580000)
 Metaspace       used 6195K, capacity 7088K, committed 7296K, reserved 1056768K
  class space    used 579K, capacity 616K, committed 640K, reserved 1048576K
Event: 6.543 GC heap after
Heap after GC invocations=3 (full 0):
 PSYoungGen      total 38400K, used 5110K [0x00000000eab00000, 0x00000000ef600000, 0x0000000100000000)
  eden space 33280K, 0% used [0x00000000eab00000,0x00000000eab00000,0x00000000ecb80000)
  from space 5120K, 99% used [0x00000000ecb80000,0x00000000ed07da58,0x00000000ed080000)
  to   space 5120K, 0% used [0x00000000ef100000,0x00000000ef100000,0x00000000ef600000)
 ParOldGen       total 87552K, used 10416K [0x00000000c0000000, 0x00000000c5580000, 0x00000000eab00000)
  object space 87552K, 11% used [0x00000000c0000000,0x00000000c0a2c000,0x00000000c5580000)
 Metaspace       used 6195K, capacity 7088K, committed 7296K, reserved 1056768K
  class space    used 579K, capacity 616K, committed 640K, reserved 1048576K
}
Event: 7.022 GC heap before
{Heap before GC invocations=4 (full 0):
 PSYoungGen      total 38400K, used 38390K [0x00000000eab00000, 0x00000000ef600000, 0x0000000100000000)
  eden space 33280K, 100% used [0x00000000eab00000,0x00000000ecb80000,0x00000000ecb80000)
  from space 5120K, 99% used [0x00000000ecb80000,0x00000000ed07da58,0x00000000ed080000)
  to   space 5120K, 0% used [0x00000000ef100000,0x00000000ef100000,0x00000000ef600000)
 ParOldGen       total 87552K, used 10416K [0x00000000c0000000, 0x00000000c5580000, 0x00000000eab00000)
  object space 87552K, 11% used [0x00000000c0000000,0x00000000c0a2c000,0x00000000c5580000)
 Metaspace       used 6304K, capacity 7154K, committed 7296K, reserved 1056768K
  class space    used 598K, capacity 618K, committed 640K, reserved 1048576K
Event: 7.045 GC heap after
Heap after GC invocations=4 (full 0):
 PSYoungGen      total 71680K, used 5093K [0x00000000eab00000, 0x00000000ef600000, 0x0000000100000000)
  eden space 66560K, 0% used [0x00000000eab00000,0x00000000eab00000,0x00000000eec00000)
  from space 5120K, 99% used [0x00000000ef100000,0x00000000ef5f9468,0x00000000ef600000)
  to   space 5120K, 0% used [0x00000000eec00000,0x00000000eec00000,0x00000000ef100000)
 ParOldGen       total 87552K, used 15748K [0x00000000c0000000, 0x00000000c5580000, 0x00000000eab00000)
  object space 87552K, 17% used [0x00000000c0000000,0x00000000c0f612b8,0x00000000c5580000)
 Metaspace       used 6304K, capacity 7154K, committed 7296K, reserved 1056768K
  class space    used 598K, capacity 618K, committed 640K, reserved 1048576K
}
Event: 7.980 GC heap before
{Heap before GC invocations=5 (full 0):
 PSYoungGen      total 71680K, used 71653K [0x00000000eab00000, 0x00000000ef600000, 0x0000000100000000)
  eden space 66560K, 100% used [0x00000000eab00000,0x00000000eec00000,0x00000000eec00000)
  from space 5120K, 99% used [0x00000000ef100000,0x00000000ef5f9468,0x00000000ef600000)
  to   space 5120K, 0% used [0x00000000eec00000,0x00000000eec00000,0x00000000ef100000)
 ParOldGen       total 87552K, used 15748K [0x00000000c0000000, 0x00000000c5580000, 0x00000000eab00000)
  object space 87552K, 17% used [0x00000000c0000000,0x00000000c0f612b8,0x00000000c5580000)
 Metaspace       used 6332K, capacity 7154K, committed 7296K, reserved 1056768K
  class space    used 598K, capacity 618K, committed 640K, reserved 1048576K
Event: 8.057 GC heap after
Heap after GC invocations=5 (full 0):
 PSYoungGen      total 71680K, used 5094K [0x00000000eab00000, 0x00000000f4b00000, 0x0000000100000000)
  eden space 66560K, 0% used [0x00000000eab00000,0x00000000eab00000,0x00000000eec00000)
  from space 5120K, 99% used [0x00000000eec00000,0x00000000ef0f9a30,0x00000000ef100000)
  to   space 15360K, 0% used [0x00000000f3c00000,0x00000000f3c00000,0x00000000f4b00000)
 ParOldGen       total 87552K, used 24920K [0x00000000c0000000, 0x00000000c5580000, 0x00000000eab00000)
  object space 87552K, 28% used [0x00000000c0000000,0x00000000c18563a0,0x00000000c5580000)
 Metaspace       used 6332K, capacity 7154K, committed 7296K, reserved 1056768K
  class space    used 598K, capacity 618K, committed 640K, reserved 1048576K
}

Deoptimization events (10 events):
Event: 7.448 Thread 0x0000000016c7b000 Uncommon trap: reason=unstable_if action=reinterpret pc=0x00000000030c498c method=com.android.dx.ssa.SCCP.simulateStmt(Lcom/android/dx/ssa/SsaInsn;)V @ 59
Event: 7.523 Thread 0x0000000016d33000 Uncommon trap: reason=bimorphic action=maybe_recompile pc=0x0000000003071c50 method=com.android.dx.ssa.LiteralOpUpgrader.tryReplacingWithConstant(Lcom/android/dx/ssa/NormalSsaInsn;)Z @ 62
Event: 7.657 Thread 0x0000000016c7b000 Uncommon trap: reason=unstable_if action=reinterpret pc=0x0000000002e998c8 method=java.util.HashMap.putVal(ILjava/lang/Object;Ljava/lang/Object;ZZ)Ljava/lang/Object; @ 162
Event: 7.873 Thread 0x00000000028e0800 Uncommon trap: reason=bimorphic action=maybe_recompile pc=0x0000000003071c50 method=com.android.dx.ssa.LiteralOpUpgrader.tryReplacingWithConstant(Lcom/android/dx/ssa/NormalSsaInsn;)Z @ 62
Event: 8.085 Thread 0x0000000016d32800 Uncommon trap: reason=bimorphic action=maybe_recompile pc=0x0000000003126b8c method=com.android.dx.cf.code.BytecodeArray.parseInstruction(ILcom/android/dx/cf/code/BytecodeArray$Visitor;)I @ 1130
Event: 8.085 Thread 0x0000000016d32800 Uncommon trap: reason=bimorphic action=maybe_recompile pc=0x0000000003126b8c method=com.android.dx.cf.code.BytecodeArray.parseInstruction(ILcom/android/dx/cf/code/BytecodeArray$Visitor;)I @ 1130
Event: 8.088 Thread 0x0000000016d32800 Uncommon trap: reason=bimorphic action=maybe_recompile pc=0x00000000031266f8 method=com.android.dx.cf.code.BytecodeArray.parseInstruction(ILcom/android/dx/cf/code/BytecodeArray$Visitor;)I @ 955
Event: 8.088 Thread 0x0000000016d32800 Uncommon trap: reason=bimorphic action=maybe_recompile pc=0x00000000031266f8 method=com.android.dx.cf.code.BytecodeArray.parseInstruction(ILcom/android/dx/cf/code/BytecodeArray$Visitor;)I @ 955
Event: 8.124 Thread 0x0000000016c7b000 Uncommon trap: reason=unstable_if action=reinterpret pc=0x0000000003048654 method=com.android.dx.ssa.MoveParamCombiner$1.visitNonMoveInsn(Lcom/android/dx/ssa/NormalSsaInsn;)V @ 27
Event: 8.194 Thread 0x0000000016c7b000 Uncommon trap: reason=unstable_if action=reinterpret pc=0x000000000315702c method=com.android.dx.rop.code.RegisterSpec.intersect(Lcom/android/dx/rop/code/RegisterSpec;Z)Lcom/android/dx/rop/code/RegisterSpec; @ 42

Internal exceptions (5 events):
Event: 1.351 Thread 0x00000000028e0800 Exception <a 'java/lang/NoSuchMethodError': Method sun.misc.Unsafe.defineClass(Ljava/lang/String;[BII)Ljava/lang/Class; name or signature does not match> (0x00000000eab07cc0) thrown at [C:\src\android\AOSP-openjdk\external\jetbrains\jdk\hotspot\src\share\vîF§Jãüı?
Event: 1.351 Thread 0x00000000028e0800 Exception <a 'java/lang/NoSuchMethodError': Method sun.misc.Unsafe.prefetchRead(Ljava/lang/Object;J)V name or signature does not match> (0x00000000eab07fa8) thrown at [C:\src\android\AOSP-openjdk\external\jetbrains\jdk\hotspot\src\share\vm\prims\jni.cpp, lê}åFP@
Event: 6.578 Thread 0x00000000028e0800 Exception <a 'java/lang/ArrayIndexOutOfBoundsException': 18> (0x00000000eb418350) thrown at [C:\src\android\AOSP-openjdk\external\jetbrains\jdk\hotspot\src\share\vm\interpreter\interpreterRuntime.cpp, line 366]
Event: 6.579 Thread 0x00000000028e0800 Exception <a 'java/lang/ArrayIndexOutOfBoundsException': 145> (0x00000000eb419ed0) thrown at [C:\src\android\AOSP-openjdk\external\jetbrains\jdk\hotspot\src\share\vm\interpreter\interpreterRuntime.cpp, line 366]
Event: 6.580 Thread 0x00000000028e0800 Exception <a 'java/lang/ArrayIndexOutOfBoundsException'> (0x00000000eb41b1b8) thrown at [C:\src\android\AOSP-openjdk\external\jetbrains\jdk\hotspot\src\share\vm\runtime\sharedRuntime.cpp, line 605]

Events (10 events):
Event: 8.124 Thread 0x0000000016c7b000 DEOPT UNPACKING pc=0x0000000002a2556a sp=0x000000001710ea88 mode 2
Event: 8.194 Thread 0x0000000016c7b000 Uncommon trap: trap_request=0xffffff65 fr.pc=0x000000000315702c
Event: 8.194 Thread 0x0000000016c7b000 DEOPT PACKING pc=0x000000000315702c sp=0x000000001710ea40
Event: 8.194 Thread 0x0000000016c7b000 DEOPT UNPACKING pc=0x0000000002a2556a sp=0x000000001710e950 mode 2
Event: 8.214 Thread 0x00000000028e0800 DEOPT PACKING pc=0x000000000301cc52 sp=0x00000000027ae970
Event: 8.214 Thread 0x00000000028e0800 DEOPT UNPACKING pc=0x0000000002a275bf sp=0x00000000027ae780 mode 0
Event: 8.284 Thread 0x00000000028e0800 DEOPT PACKING pc=0x0000000003076521 sp=0x00000000027ae870
Event: 8.284 Thread 0x00000000028e0800 DEOPT UNPACKING pc=0x0000000002a275bf sp=0x00000000027ae630 mode 0
Event: 8.527 Thread 0x0000000016d33000 DEOPT PACKING pc=0x0000000003069b29 sp=0x000000001750ef90
Event: 8.527 Thread 0x0000000016d33000 DEOPT UNPACKING pc=0x0000000002a275bf sp=0x000000001750ed98 mode 0


Dynamic libraries:
0x00007ff688340000 - 0x00007ff688371000 	C:\Program Files\Android\Android Studio\jre\bin\java.exe
0x00007ff97d740000 - 0x00007ff97d902000 	C:\WINDOWS\SYSTEM32\ntdll.dll
0x00007ff97d270000 - 0x00007ff97d31d000 	C:\WINDOWS\system32\KERNEL32.DLL
0x00007ff97a2d0000 - 0x00007ff97a4ad000 	C:\WINDOWS\system32\KERNELBASE.dll
0x00007ff97d5f0000 - 0x00007ff97d696000 	C:\WINDOWS\system32\ADVAPI32.dll
0x00007ff97cb50000 - 0x00007ff97cbed000 	C:\WINDOWS\system32\msvcrt.dll
0x00007ff97cbf0000 - 0x00007ff97cc4b000 	C:\WINDOWS\system32\sechost.dll
0x00007ff97ca10000 - 0x00007ff97cb36000 	C:\WINDOWS\system32\RPCRT4.dll
0x00007ff97d3d0000 - 0x00007ff97d51e000 	C:\WINDOWS\system32\USER32.dll
0x00007ff97afd0000 - 0x00007ff97b155000 	C:\WINDOWS\system32\GDI32.dll
0x00007ff9725d0000 - 0x00007ff972844000 	C:\WINDOWS\WinSxS\amd64_microsoft.windows.common-controls_6595b64144ccf1df_6.0.10240.16384_none_f41f7b285750ef43\COMCTL32.dll
0x00007ff97d700000 - 0x00007ff97d736000 	C:\WINDOWS\system32\IMM32.DLL
0x00007ff97c7f0000 - 0x00007ff97c94c000 	C:\WINDOWS\system32\MSCTF.dll
0x0000000061aa0000 - 0x0000000061b72000 	C:\Program Files\Android\Android Studio\jre\jre\bin\msvcr100.dll
0x0000000060740000 - 0x0000000060f74000 	C:\Program Files\Android\Android Studio\jre\jre\bin\server\jvm.dll
0x00007ff97ae10000 - 0x00007ff97ae18000 	C:\WINDOWS\system32\PSAPI.DLL
0x00007ff972860000 - 0x00007ff972869000 	C:\WINDOWS\SYSTEM32\WSOCK32.dll
0x00007ff97c770000 - 0x00007ff97c7d9000 	C:\WINDOWS\system32\WS2_32.dll
0x00007ff97cb40000 - 0x00007ff97cb48000 	C:\WINDOWS\system32\NSI.dll
0x00007ff972970000 - 0x00007ff972993000 	C:\WINDOWS\SYSTEM32\WINMM.dll
0x00007ff971440000 - 0x00007ff97144a000 	C:\WINDOWS\SYSTEM32\VERSION.dll
0x00007ff972940000 - 0x00007ff97296c000 	C:\WINDOWS\SYSTEM32\WINMMBASE.dll
0x00007ff97a510000 - 0x00007ff97a554000 	C:\WINDOWS\system32\cfgmgr32.dll
0x00007ff978b00000 - 0x00007ff978b27000 	C:\WINDOWS\SYSTEM32\DEVOBJ.dll
0x00007ff974a30000 - 0x00007ff974a3f000 	C:\Program Files\Android\Android Studio\jre\jre\bin\verify.dll
0x00007ff96a170000 - 0x00007ff96a199000 	C:\Program Files\Android\Android Studio\jre\jre\bin\java.dll
0x00007ff969940000 - 0x00007ff969956000 	C:\Program Files\Android\Android Studio\jre\jre\bin\zip.dll
0x00007ff97b160000 - 0x00007ff97c685000 	C:\WINDOWS\system32\SHELL32.dll
0x00007ff97a560000 - 0x00007ff97ab88000 	C:\WINDOWS\system32\windows.storage.dll
0x00007ff97cc50000 - 0x00007ff97cecc000 	C:\WINDOWS\system32\combase.dll
0x00007ff97d1f0000 - 0x00007ff97d241000 	C:\WINDOWS\system32\shlwapi.dll
0x00007ff97a200000 - 0x00007ff97a20f000 	C:\WINDOWS\system32\kernel.appcore.dll
0x00007ff97a210000 - 0x00007ff97a2c3000 	C:\WINDOWS\system32\shcore.dll
0x00007ff97a1b0000 - 0x00007ff97a1fa000 	C:\WINDOWS\system32\powrprof.dll
0x00007ff97a170000 - 0x00007ff97a183000 	C:\WINDOWS\system32\profapi.dll

VM Arguments:
jvm_args: -Djava.awt.headless=true -Xmx1024M -Dfile.encoding=windows-1252 -Duser.country=US -Duser.language=en -Duser.variant 
java_command: com.android.dx.command.Main --dex --num-threads=4 --output C:\Users\Akano\Desktop\SlidingMenu1\app\build\intermediates\pre-dexed\debug\com.android.support-appcompat-v7-23.4.0_5a8e7e0b1041eaf93b4294b338a79c9a99f20bb6.jar C:\Users\Akano\Desktop\SlidingMenu1\app\build\intermediates\exploded-aar\com.android.support\appcompat-v7\23.4.0\jars\classes.jar
java_class_path (initial): C:\Android\sdk\build-tools\25.0.0\lib\dx.jar
Launcher Type: SUN_STANDARD

Environment Variables:
PATH=C:\ProgramData\Oracle\Java\javapath;C:\WINDOWS\system32;C:\WINDOWS;C:\WINDOWS\System32\Wbem;C:\WINDOWS\System32\WindowsPowerShell\v1.0\;C:\Program Files (x86)\Android\android-sdk\platform-tools\;C:\Program Files (x86)\Tesseract-OCR
USERNAME=Akano
OS=Windows_NT
PROCESSOR_IDENTIFIER=Intel64 Family 6 Model 58 Stepping 9, GenuineIntel



---------------  S Y S T E M  ---------------

OS: Windows 10.0 , 64 bit Build 10240 (10.0.10240.16384)

CPU:total 4 (2 cores per cpu, 2 threads per core) family 6 model 58 stepping 9, cmov, cx8, fxsr, mmx, sse, sse2, sse3, ssse3, sse4.1, sse4.2, popcnt, avx, clmul, erms, ht, tsc, tscinvbit, tscinv

Memory: 4k page, physical 8281448k(1694132k free), swap 11727948k(180408k free)

vm_info: OpenJDK 64-Bit Server VM (25.76-b03) for windows-amd64 JRE (1.8.0_76-release-b03), built on Jun 29 2016 19:09:20 by "ralucas" with MS VC++ 10.0 (VS2010)

time: Sun Oct 30 18:27:31 2016
elapsed time: 8 seconds (0d 0h 0m 8s)

